{"/home/jailuser/git/src/db.js": {"path":"/home/jailuser/git/src/db.js","statementMap":{"0":{"start":{"line":9,"column":17},"end":{"line":9,"column":19}},"1":{"start":{"line":12,"column":11},"end":{"line":12,"column":15}},"2":{"start":{"line":15,"column":19},"end":{"line":15,"column":24}},"3":{"start":{"line":32,"column":2},"end":{"line":34,"column":null}},"4":{"start":{"line":33,"column":4},"end":{"line":33,"column":null}},"5":{"start":{"line":36,"column":17},"end":{"line":36,"column":70}},"6":{"start":{"line":38,"column":2},"end":{"line":40,"column":null}},"7":{"start":{"line":39,"column":4},"end":{"line":39,"column":null}},"8":{"start":{"line":42,"column":2},"end":{"line":44,"column":null}},"9":{"start":{"line":43,"column":4},"end":{"line":43,"column":null}},"10":{"start":{"line":47,"column":2},"end":{"line":47,"column":null}},"11":{"start":{"line":55,"column":2},"end":{"line":55,"column":null}},"12":{"start":{"line":55,"column":12},"end":{"line":55,"column":null}},"13":{"start":{"line":56,"column":2},"end":{"line":58,"column":null}},"14":{"start":{"line":57,"column":4},"end":{"line":57,"column":null}},"15":{"start":{"line":60,"column":2},"end":{"line":60,"column":null}},"16":{"start":{"line":61,"column":2},"end":{"line":110,"column":null}},"17":{"start":{"line":62,"column":29},"end":{"line":62,"column":53}},"18":{"start":{"line":63,"column":4},"end":{"line":65,"column":null}},"19":{"start":{"line":64,"column":6},"end":{"line":64,"column":null}},"20":{"start":{"line":67,"column":4},"end":{"line":73,"column":null}},"21":{"start":{"line":76,"column":4},"end":{"line":78,"column":null}},"22":{"start":{"line":77,"column":5},"end":{"line":77,"column":null}},"23":{"start":{"line":80,"column":4},"end":{"line":105,"column":null}},"24":{"start":{"line":82,"column":21},"end":{"line":82,"column":41}},"25":{"start":{"line":83,"column":6},"end":{"line":88,"column":null}},"26":{"start":{"line":84,"column":8},"end":{"line":84,"column":null}},"27":{"start":{"line":85,"column":7},"end":{"line":85,"column":null}},"28":{"start":{"line":87,"column":8},"end":{"line":87,"column":null}},"29":{"start":{"line":91,"column":6},"end":{"line":97,"column":null}},"30":{"start":{"line":99,"column":5},"end":{"line":99,"column":null}},"31":{"start":{"line":102,"column":6},"end":{"line":102,"column":null}},"32":{"start":{"line":103,"column":6},"end":{"line":103,"column":null}},"33":{"start":{"line":104,"column":6},"end":{"line":104,"column":null}},"34":{"start":{"line":107,"column":4},"end":{"line":107,"column":null}},"35":{"start":{"line":109,"column":4},"end":{"line":109,"column":null}},"36":{"start":{"line":119,"column":2},"end":{"line":121,"column":null}},"37":{"start":{"line":120,"column":4},"end":{"line":120,"column":null}},"38":{"start":{"line":122,"column":2},"end":{"line":122,"column":null}},"39":{"start":{"line":129,"column":2},"end":{"line":138,"column":null}},"40":{"start":{"line":130,"column":4},"end":{"line":137,"column":null}},"41":{"start":{"line":131,"column":6},"end":{"line":131,"column":null}},"42":{"start":{"line":132,"column":5},"end":{"line":132,"column":null}},"43":{"start":{"line":134,"column":5},"end":{"line":134,"column":null}},"44":{"start":{"line":136,"column":6},"end":{"line":136,"column":null}}},"fnMap":{"0":{"name":"getSslConfig","decl":{"start":{"line":30,"column":9},"end":{"line":30,"column":21}},"loc":{"start":{"line":30,"column":40},"end":{"line":48,"column":null}},"line":30},"1":{"name":"initDb","decl":{"start":{"line":54,"column":22},"end":{"line":54,"column":28}},"loc":{"start":{"line":54,"column":31},"end":{"line":111,"column":null}},"line":54},"2":{"name":"(anonymous_2)","decl":{"start":{"line":76,"column":21},"end":{"line":76,"column":22}},"loc":{"start":{"line":76,"column":30},"end":{"line":78,"column":5}},"line":76},"3":{"name":"(anonymous_3)","decl":{"start":{"line":102,"column":29},"end":{"line":102,"column":30}},"loc":{"start":{"line":102,"column":35},"end":{"line":102,"column":37}},"line":102},"4":{"name":"getPool","decl":{"start":{"line":118,"column":16},"end":{"line":118,"column":23}},"loc":{"start":{"line":118,"column":26},"end":{"line":123,"column":null}},"line":118},"5":{"name":"closeDb","decl":{"start":{"line":128,"column":22},"end":{"line":128,"column":29}},"loc":{"start":{"line":128,"column":32},"end":{"line":139,"column":null}},"line":128}},"branchMap":{"0":{"loc":{"start":{"line":32,"column":2},"end":{"line":34,"column":null}},"type":"if","locations":[{"start":{"line":32,"column":2},"end":{"line":34,"column":null}},{"start":{},"end":{}}],"line":32},"1":{"loc":{"start":{"line":36,"column":18},"end":{"line":36,"column":48}},"type":"binary-expr","locations":[{"start":{"line":36,"column":18},"end":{"line":36,"column":42}},{"start":{"line":36,"column":46},"end":{"line":36,"column":48}}],"line":36},"2":{"loc":{"start":{"line":38,"column":2},"end":{"line":40,"column":null}},"type":"if","locations":[{"start":{"line":38,"column":2},"end":{"line":40,"column":null}},{"start":{},"end":{}}],"line":38},"3":{"loc":{"start":{"line":38,"column":6},"end":{"line":38,"column":44}},"type":"binary-expr","locations":[{"start":{"line":38,"column":6},"end":{"line":38,"column":24}},{"start":{"line":38,"column":28},"end":{"line":38,"column":44}}],"line":38},"4":{"loc":{"start":{"line":42,"column":2},"end":{"line":44,"column":null}},"type":"if","locations":[{"start":{"line":42,"column":2},"end":{"line":44,"column":null}},{"start":{},"end":{}}],"line":42},"5":{"loc":{"start":{"line":55,"column":2},"end":{"line":55,"column":null}},"type":"if","locations":[{"start":{"line":55,"column":2},"end":{"line":55,"column":null}},{"start":{},"end":{}}],"line":55},"6":{"loc":{"start":{"line":56,"column":2},"end":{"line":58,"column":null}},"type":"if","locations":[{"start":{"line":56,"column":2},"end":{"line":58,"column":null}},{"start":{},"end":{}}],"line":56},"7":{"loc":{"start":{"line":63,"column":4},"end":{"line":65,"column":null}},"type":"if","locations":[{"start":{"line":63,"column":4},"end":{"line":65,"column":null}},{"start":{},"end":{}}],"line":63},"8":{"loc":{"start":{"line":119,"column":2},"end":{"line":121,"column":null}},"type":"if","locations":[{"start":{"line":119,"column":2},"end":{"line":121,"column":null}},{"start":{},"end":{}}],"line":119},"9":{"loc":{"start":{"line":129,"column":2},"end":{"line":138,"column":null}},"type":"if","locations":[{"start":{"line":129,"column":2},"end":{"line":138,"column":null}},{"start":{},"end":{}}],"line":129}},"s":{"0":1,"1":1,"2":1,"3":0,"4":0,"5":0,"6":0,"7":0,"8":0,"9":0,"10":0,"11":0,"12":0,"13":0,"14":0,"15":0,"16":0,"17":0,"18":0,"19":0,"20":0,"21":0,"22":0,"23":0,"24":0,"25":0,"26":0,"27":0,"28":0,"29":0,"30":0,"31":0,"32":0,"33":0,"34":0,"35":0,"36":0,"37":0,"38":0,"39":0,"40":0,"41":0,"42":0,"43":0,"44":0},"f":{"0":0,"1":0,"2":0,"3":0,"4":0,"5":0},"b":{"0":[0,0],"1":[0,0],"2":[0,0],"3":[0,0],"4":[0,0],"5":[0,0],"6":[0,0],"7":[0,0],"8":[0,0],"9":[0,0]},"meta":{"lastBranch":10,"lastFunction":6,"lastStatement":45,"seen":{"s:9:17:9:19":0,"s:12:11:12:15":1,"s:15:19:15:24":2,"f:30:9:30:21":0,"b:32:2:34:Infinity:undefined:undefined:undefined:undefined":0,"s:32:2:34:Infinity":3,"s:33:4:33:Infinity":4,"s:36:17:36:70":5,"b:36:18:36:42:36:46:36:48":1,"b:38:2:40:Infinity:undefined:undefined:undefined:undefined":2,"s:38:2:40:Infinity":6,"b:38:6:38:24:38:28:38:44":3,"s:39:4:39:Infinity":7,"b:42:2:44:Infinity:undefined:undefined:undefined:undefined":4,"s:42:2:44:Infinity":8,"s:43:4:43:Infinity":9,"s:47:2:47:Infinity":10,"f:54:22:54:28":1,"b:55:2:55:Infinity:undefined:undefined:undefined:undefined":5,"s:55:2:55:Infinity":11,"s:55:12:55:Infinity":12,"b:56:2:58:Infinity:undefined:undefined:undefined:undefined":6,"s:56:2:58:Infinity":13,"s:57:4:57:Infinity":14,"s:60:2:60:Infinity":15,"s:61:2:110:Infinity":16,"s:62:29:62:53":17,"b:63:4:65:Infinity:undefined:undefined:undefined:undefined":7,"s:63:4:65:Infinity":18,"s:64:6:64:Infinity":19,"s:67:4:73:Infinity":20,"s:76:4:78:Infinity":21,"f:76:21:76:22":2,"s:77:5:77:Infinity":22,"s:80:4:105:Infinity":23,"s:82:21:82:41":24,"s:83:6:88:Infinity":25,"s:84:8:84:Infinity":26,"s:85:7:85:Infinity":27,"s:87:8:87:Infinity":28,"s:91:6:97:Infinity":29,"s:99:5:99:Infinity":30,"s:102:6:102:Infinity":31,"f:102:29:102:30":3,"s:103:6:103:Infinity":32,"s:104:6:104:Infinity":33,"s:107:4:107:Infinity":34,"s:109:4:109:Infinity":35,"f:118:16:118:23":4,"b:119:2:121:Infinity:undefined:undefined:undefined:undefined":8,"s:119:2:121:Infinity":36,"s:120:4:120:Infinity":37,"s:122:2:122:Infinity":38,"f:128:22:128:29":5,"b:129:2:138:Infinity:undefined:undefined:undefined:undefined":9,"s:129:2:138:Infinity":39,"s:130:4:137:Infinity":40,"s:131:6:131:Infinity":41,"s:132:5:132:Infinity":42,"s:134:5:134:Infinity":43,"s:136:6:136:Infinity":44}}}
,"/home/jailuser/git/src/index.js": {"path":"/home/jailuser/git/src/index.js","statementMap":{"0":{"start":{"line":29,"column":18},"end":{"line":29,"column":49}},"1":{"start":{"line":30,"column":17},"end":{"line":30,"column":37}},"2":{"start":{"line":33,"column":15},"end":{"line":33,"column":45}},"3":{"start":{"line":34,"column":17},"end":{"line":34,"column":45}},"4":{"start":{"line":37,"column":0},"end":{"line":37,"column":null}},"5":{"start":{"line":43,"column":13},"end":{"line":43,"column":15}},"6":{"start":{"line":46,"column":15},"end":{"line":54,"column":2}},"7":{"start":{"line":57,"column":0},"end":{"line":57,"column":null}},"8":{"start":{"line":60,"column":22},"end":{"line":60,"column":49}},"9":{"start":{"line":63,"column":24},"end":{"line":63,"column":33}},"10":{"start":{"line":70,"column":20},"end":{"line":70,"column":37}},"11":{"start":{"line":71,"column":2},"end":{"line":71,"column":null}},"12":{"start":{"line":72,"column":2},"end":{"line":72,"column":null}},"13":{"start":{"line":80,"column":2},"end":{"line":80,"column":null}},"14":{"start":{"line":87,"column":2},"end":{"line":102,"column":null}},"15":{"start":{"line":89,"column":4},"end":{"line":91,"column":null}},"16":{"start":{"line":90,"column":5},"end":{"line":90,"column":null}},"17":{"start":{"line":93,"column":31},"end":{"line":93,"column":56}},"18":{"start":{"line":94,"column":22},"end":{"line":97,"column":5}},"19":{"start":{"line":98,"column":3},"end":{"line":98,"column":null}},"20":{"start":{"line":99,"column":3},"end":{"line":99,"column":null}},"21":{"start":{"line":101,"column":3},"end":{"line":101,"column":null}},"22":{"start":{"line":109,"column":2},"end":{"line":120,"column":null}},"23":{"start":{"line":110,"column":4},"end":{"line":112,"column":null}},"24":{"start":{"line":111,"column":6},"end":{"line":111,"column":null}},"25":{"start":{"line":113,"column":22},"end":{"line":113,"column":66}},"26":{"start":{"line":114,"column":4},"end":{"line":117,"column":null}},"27":{"start":{"line":115,"column":5},"end":{"line":115,"column":null}},"28":{"start":{"line":116,"column":5},"end":{"line":116,"column":null}},"29":{"start":{"line":119,"column":3},"end":{"line":119,"column":null}},"30":{"start":{"line":127,"column":22},"end":{"line":127,"column":50}},"31":{"start":{"line":128,"column":22},"end":{"line":128,"column":87}},"32":{"start":{"line":128,"column":66},"end":{"line":128,"column":86}},"33":{"start":{"line":130,"column":2},"end":{"line":143,"column":null}},"34":{"start":{"line":131,"column":20},"end":{"line":131,"column":45}},"35":{"start":{"line":132,"column":4},"end":{"line":142,"column":null}},"36":{"start":{"line":133,"column":22},"end":{"line":133,"column":44}},"37":{"start":{"line":134,"column":6},"end":{"line":139,"column":null}},"38":{"start":{"line":135,"column":8},"end":{"line":135,"column":null}},"39":{"start":{"line":136,"column":7},"end":{"line":136,"column":null}},"40":{"start":{"line":138,"column":7},"end":{"line":138,"column":null}},"41":{"start":{"line":141,"column":5},"end":{"line":141,"column":null}},"42":{"start":{"line":149,"column":0},"end":{"line":159,"column":null}},"43":{"start":{"line":151,"column":2},"end":{"line":158,"column":null}},"44":{"start":{"line":152,"column":21},"end":{"line":152,"column":57}},"45":{"start":{"line":153,"column":20},"end":{"line":153,"column":48}},"46":{"start":{"line":155,"column":4},"end":{"line":155,"column":null}},"47":{"start":{"line":157,"column":3},"end":{"line":157,"column":null}},"48":{"start":{"line":162,"column":0},"end":{"line":219,"column":null}},"49":{"start":{"line":164,"column":2},"end":{"line":174,"column":null}},"50":{"start":{"line":165,"column":20},"end":{"line":165,"column":64}},"51":{"start":{"line":166,"column":4},"end":{"line":172,"column":null}},"52":{"start":{"line":167,"column":6},"end":{"line":171,"column":null}},"53":{"start":{"line":168,"column":8},"end":{"line":168,"column":null}},"54":{"start":{"line":170,"column":7},"end":{"line":170,"column":null}},"55":{"start":{"line":173,"column":4},"end":{"line":173,"column":null}},"56":{"start":{"line":176,"column":2},"end":{"line":176,"column":null}},"57":{"start":{"line":176,"column":41},"end":{"line":176,"column":null}},"58":{"start":{"line":178,"column":34},"end":{"line":178,"column":45}},"59":{"start":{"line":180,"column":2},"end":{"line":218,"column":null}},"60":{"start":{"line":181,"column":3},"end":{"line":181,"column":null}},"61":{"start":{"line":184,"column":4},"end":{"line":191,"column":null}},"62":{"start":{"line":185,"column":6},"end":{"line":188,"column":null}},"63":{"start":{"line":189,"column":5},"end":{"line":189,"column":null}},"64":{"start":{"line":190,"column":6},"end":{"line":190,"column":null}},"65":{"start":{"line":194,"column":20},"end":{"line":194,"column":52}},"66":{"start":{"line":195,"column":4},"end":{"line":201,"column":null}},"67":{"start":{"line":196,"column":6},"end":{"line":199,"column":null}},"68":{"start":{"line":200,"column":6},"end":{"line":200,"column":null}},"69":{"start":{"line":203,"column":4},"end":{"line":203,"column":null}},"70":{"start":{"line":204,"column":3},"end":{"line":204,"column":null}},"71":{"start":{"line":206,"column":3},"end":{"line":206,"column":null}},"72":{"start":{"line":208,"column":25},"end":{"line":211,"column":5}},"73":{"start":{"line":213,"column":4},"end":{"line":217,"column":null}},"74":{"start":{"line":214,"column":6},"end":{"line":214,"column":null}},"75":{"start":{"line":216,"column":6},"end":{"line":216,"column":null}},"76":{"start":{"line":226,"column":1},"end":{"line":226,"column":null}},"77":{"start":{"line":229,"column":27},"end":{"line":229,"column":32}},"78":{"start":{"line":230,"column":2},"end":{"line":243,"column":null}},"79":{"start":{"line":231,"column":3},"end":{"line":231,"column":null}},"80":{"start":{"line":232,"column":22},"end":{"line":232,"column":32}},"81":{"start":{"line":234,"column":4},"end":{"line":236,"column":null}},"82":{"start":{"line":235,"column":6},"end":{"line":235,"column":null}},"83":{"start":{"line":235,"column":37},"end":{"line":235,"column":61}},"84":{"start":{"line":238,"column":4},"end":{"line":242,"column":null}},"85":{"start":{"line":239,"column":5},"end":{"line":239,"column":null}},"86":{"start":{"line":241,"column":5},"end":{"line":241,"column":null}},"87":{"start":{"line":246,"column":1},"end":{"line":246,"column":null}},"88":{"start":{"line":247,"column":2},"end":{"line":247,"column":null}},"89":{"start":{"line":250,"column":1},"end":{"line":250,"column":null}},"90":{"start":{"line":251,"column":2},"end":{"line":255,"column":null}},"91":{"start":{"line":252,"column":4},"end":{"line":252,"column":null}},"92":{"start":{"line":254,"column":3},"end":{"line":254,"column":null}},"93":{"start":{"line":258,"column":1},"end":{"line":258,"column":null}},"94":{"start":{"line":259,"column":2},"end":{"line":259,"column":null}},"95":{"start":{"line":262,"column":1},"end":{"line":262,"column":null}},"96":{"start":{"line":263,"column":2},"end":{"line":263,"column":null}},"97":{"start":{"line":267,"column":0},"end":{"line":267,"column":null}},"98":{"start":{"line":267,"column":28},"end":{"line":267,"column":55}},"99":{"start":{"line":268,"column":0},"end":{"line":268,"column":null}},"100":{"start":{"line":268,"column":27},"end":{"line":268,"column":53}},"101":{"start":{"line":271,"column":0},"end":{"line":277,"column":null}},"102":{"start":{"line":272,"column":1},"end":{"line":276,"column":null}},"103":{"start":{"line":279,"column":0},"end":{"line":285,"column":null}},"104":{"start":{"line":280,"column":1},"end":{"line":284,"column":null}},"105":{"start":{"line":288,"column":14},"end":{"line":288,"column":39}},"106":{"start":{"line":289,"column":0},"end":{"line":292,"column":null}},"107":{"start":{"line":290,"column":1},"end":{"line":290,"column":null}},"108":{"start":{"line":291,"column":2},"end":{"line":291,"column":null}},"109":{"start":{"line":305,"column":2},"end":{"line":310,"column":null}},"110":{"start":{"line":306,"column":4},"end":{"line":306,"column":null}},"111":{"start":{"line":307,"column":3},"end":{"line":307,"column":null}},"112":{"start":{"line":309,"column":3},"end":{"line":309,"column":null}},"113":{"start":{"line":313,"column":2},"end":{"line":313,"column":null}},"114":{"start":{"line":314,"column":1},"end":{"line":314,"column":null}},"115":{"start":{"line":317,"column":2},"end":{"line":317,"column":null}},"116":{"start":{"line":320,"column":1},"end":{"line":320,"column":null}},"117":{"start":{"line":323,"column":2},"end":{"line":323,"column":null}},"118":{"start":{"line":324,"column":2},"end":{"line":324,"column":null}},"119":{"start":{"line":327,"column":0},"end":{"line":330,"column":null}},"120":{"start":{"line":328,"column":1},"end":{"line":328,"column":null}},"121":{"start":{"line":329,"column":2},"end":{"line":329,"column":null}}},"fnMap":{"0":{"name":"registerPendingRequest","decl":{"start":{"line":69,"column":16},"end":{"line":69,"column":38}},"loc":{"start":{"line":69,"column":41},"end":{"line":73,"column":null}},"line":69},"1":{"name":"removePendingRequest","decl":{"start":{"line":79,"column":16},"end":{"line":79,"column":36}},"loc":{"start":{"line":79,"column":48},"end":{"line":81,"column":null}},"line":79},"2":{"name":"saveState","decl":{"start":{"line":86,"column":9},"end":{"line":86,"column":18}},"loc":{"start":{"line":86,"column":21},"end":{"line":103,"column":null}},"line":86},"3":{"name":"loadState","decl":{"start":{"line":108,"column":9},"end":{"line":108,"column":18}},"loc":{"start":{"line":108,"column":21},"end":{"line":121,"column":null}},"line":108},"4":{"name":"loadCommands","decl":{"start":{"line":126,"column":15},"end":{"line":126,"column":27}},"loc":{"start":{"line":126,"column":30},"end":{"line":144,"column":null}},"line":126},"5":{"name":"(anonymous_5)","decl":{"start":{"line":128,"column":56},"end":{"line":128,"column":57}},"loc":{"start":{"line":128,"column":66},"end":{"line":128,"column":86}},"line":128},"6":{"name":"(anonymous_6)","decl":{"start":{"line":149,"column":27},"end":{"line":149,"column":32}},"loc":{"start":{"line":149,"column":39},"end":{"line":159,"column":1}},"line":149},"7":{"name":"(anonymous_7)","decl":{"start":{"line":162,"column":31},"end":{"line":162,"column":36}},"loc":{"start":{"line":162,"column":54},"end":{"line":219,"column":1}},"line":162},"8":{"name":"(anonymous_8)","decl":{"start":{"line":214,"column":53},"end":{"line":214,"column":54}},"loc":{"start":{"line":214,"column":59},"end":{"line":214,"column":61}},"line":214},"9":{"name":"(anonymous_9)","decl":{"start":{"line":216,"column":50},"end":{"line":216,"column":51}},"loc":{"start":{"line":216,"column":56},"end":{"line":216,"column":58}},"line":216},"10":{"name":"gracefulShutdown","decl":{"start":{"line":225,"column":15},"end":{"line":225,"column":31}},"loc":{"start":{"line":225,"column":40},"end":{"line":264,"column":null}},"line":225},"11":{"name":"(anonymous_11)","decl":{"start":{"line":235,"column":24},"end":{"line":235,"column":25}},"loc":{"start":{"line":235,"column":37},"end":{"line":235,"column":61}},"line":235},"12":{"name":"(anonymous_12)","decl":{"start":{"line":267,"column":22},"end":{"line":267,"column":23}},"loc":{"start":{"line":267,"column":28},"end":{"line":267,"column":55}},"line":267},"13":{"name":"(anonymous_13)","decl":{"start":{"line":268,"column":21},"end":{"line":268,"column":22}},"loc":{"start":{"line":268,"column":27},"end":{"line":268,"column":53}},"line":268},"14":{"name":"(anonymous_14)","decl":{"start":{"line":271,"column":19},"end":{"line":271,"column":20}},"loc":{"start":{"line":271,"column":28},"end":{"line":277,"column":1}},"line":271},"15":{"name":"(anonymous_15)","decl":{"start":{"line":279,"column":33},"end":{"line":279,"column":34}},"loc":{"start":{"line":279,"column":42},"end":{"line":285,"column":1}},"line":279},"16":{"name":"startup","decl":{"start":{"line":303,"column":15},"end":{"line":303,"column":22}},"loc":{"start":{"line":303,"column":25},"end":{"line":325,"column":null}},"line":303},"17":{"name":"(anonymous_17)","decl":{"start":{"line":327,"column":16},"end":{"line":327,"column":17}},"loc":{"start":{"line":327,"column":25},"end":{"line":330,"column":1}},"line":327}},"branchMap":{"0":{"loc":{"start":{"line":89,"column":4},"end":{"line":91,"column":null}},"type":"if","locations":[{"start":{"line":89,"column":4},"end":{"line":91,"column":null}},{"start":{},"end":{}}],"line":89},"1":{"loc":{"start":{"line":110,"column":4},"end":{"line":112,"column":null}},"type":"if","locations":[{"start":{"line":110,"column":4},"end":{"line":112,"column":null}},{"start":{},"end":{}}],"line":110},"2":{"loc":{"start":{"line":114,"column":4},"end":{"line":117,"column":null}},"type":"if","locations":[{"start":{"line":114,"column":4},"end":{"line":117,"column":null}},{"start":{},"end":{}}],"line":114},"3":{"loc":{"start":{"line":134,"column":6},"end":{"line":139,"column":null}},"type":"if","locations":[{"start":{"line":134,"column":6},"end":{"line":139,"column":null}},{"start":{"line":137,"column":13},"end":{"line":139,"column":null}}],"line":134},"4":{"loc":{"start":{"line":134,"column":10},"end":{"line":134,"column":41}},"type":"binary-expr","locations":[{"start":{"line":134,"column":10},"end":{"line":134,"column":22}},{"start":{"line":134,"column":26},"end":{"line":134,"column":41}}],"line":134},"5":{"loc":{"start":{"line":153,"column":20},"end":{"line":153,"column":48}},"type":"binary-expr","locations":[{"start":{"line":153,"column":20},"end":{"line":153,"column":40}},{"start":{"line":153,"column":44},"end":{"line":153,"column":48}}],"line":153},"6":{"loc":{"start":{"line":164,"column":2},"end":{"line":174,"column":null}},"type":"if","locations":[{"start":{"line":164,"column":2},"end":{"line":174,"column":null}},{"start":{},"end":{}}],"line":164},"7":{"loc":{"start":{"line":166,"column":4},"end":{"line":172,"column":null}},"type":"if","locations":[{"start":{"line":166,"column":4},"end":{"line":172,"column":null}},{"start":{},"end":{}}],"line":166},"8":{"loc":{"start":{"line":176,"column":2},"end":{"line":176,"column":null}},"type":"if","locations":[{"start":{"line":176,"column":2},"end":{"line":176,"column":null}},{"start":{},"end":{}}],"line":176},"9":{"loc":{"start":{"line":184,"column":4},"end":{"line":191,"column":null}},"type":"if","locations":[{"start":{"line":184,"column":4},"end":{"line":191,"column":null}},{"start":{},"end":{}}],"line":184},"10":{"loc":{"start":{"line":195,"column":4},"end":{"line":201,"column":null}},"type":"if","locations":[{"start":{"line":195,"column":4},"end":{"line":201,"column":null}},{"start":{},"end":{}}],"line":195},"11":{"loc":{"start":{"line":213,"column":4},"end":{"line":217,"column":null}},"type":"if","locations":[{"start":{"line":213,"column":4},"end":{"line":217,"column":null}},{"start":{"line":215,"column":11},"end":{"line":217,"column":null}}],"line":213},"12":{"loc":{"start":{"line":213,"column":8},"end":{"line":213,"column":51}},"type":"binary-expr","locations":[{"start":{"line":213,"column":8},"end":{"line":213,"column":27}},{"start":{"line":213,"column":31},"end":{"line":213,"column":51}}],"line":213},"13":{"loc":{"start":{"line":230,"column":2},"end":{"line":243,"column":null}},"type":"if","locations":[{"start":{"line":230,"column":2},"end":{"line":243,"column":null}},{"start":{},"end":{}}],"line":230},"14":{"loc":{"start":{"line":234,"column":11},"end":{"line":234,"column":80}},"type":"binary-expr","locations":[{"start":{"line":234,"column":11},"end":{"line":234,"column":35}},{"start":{"line":234,"column":39},"end":{"line":234,"column":80}}],"line":234},"15":{"loc":{"start":{"line":238,"column":4},"end":{"line":242,"column":null}},"type":"if","locations":[{"start":{"line":238,"column":4},"end":{"line":242,"column":null}},{"start":{"line":240,"column":11},"end":{"line":242,"column":null}}],"line":238},"16":{"loc":{"start":{"line":281,"column":11},"end":{"line":281,"column":38}},"type":"binary-expr","locations":[{"start":{"line":281,"column":11},"end":{"line":281,"column":23}},{"start":{"line":281,"column":27},"end":{"line":281,"column":38}}],"line":281},"17":{"loc":{"start":{"line":289,"column":0},"end":{"line":292,"column":null}},"type":"if","locations":[{"start":{"line":289,"column":0},"end":{"line":292,"column":null}},{"start":{},"end":{}}],"line":289},"18":{"loc":{"start":{"line":305,"column":2},"end":{"line":310,"column":null}},"type":"if","locations":[{"start":{"line":305,"column":2},"end":{"line":310,"column":null}},{"start":{"line":308,"column":9},"end":{"line":310,"column":null}}],"line":305}},"s":{"0":0,"1":0,"2":0,"3":0,"4":0,"5":0,"6":0,"7":0,"8":0,"9":0,"10":0,"11":0,"12":0,"13":0,"14":0,"15":0,"16":0,"17":0,"18":0,"19":0,"20":0,"21":0,"22":0,"23":0,"24":0,"25":0,"26":0,"27":0,"28":0,"29":0,"30":0,"31":0,"32":0,"33":0,"34":0,"35":0,"36":0,"37":0,"38":0,"39":0,"40":0,"41":0,"42":0,"43":0,"44":0,"45":0,"46":0,"47":0,"48":0,"49":0,"50":0,"51":0,"52":0,"53":0,"54":0,"55":0,"56":0,"57":0,"58":0,"59":0,"60":0,"61":0,"62":0,"63":0,"64":0,"65":0,"66":0,"67":0,"68":0,"69":0,"70":0,"71":0,"72":0,"73":0,"74":0,"75":0,"76":0,"77":0,"78":0,"79":0,"80":0,"81":0,"82":0,"83":0,"84":0,"85":0,"86":0,"87":0,"88":0,"89":0,"90":0,"91":0,"92":0,"93":0,"94":0,"95":0,"96":0,"97":0,"98":0,"99":0,"100":0,"101":0,"102":0,"103":0,"104":0,"105":0,"106":0,"107":0,"108":0,"109":0,"110":0,"111":0,"112":0,"113":0,"114":0,"115":0,"116":0,"117":0,"118":0,"119":0,"120":0,"121":0},"f":{"0":0,"1":0,"2":0,"3":0,"4":0,"5":0,"6":0,"7":0,"8":0,"9":0,"10":0,"11":0,"12":0,"13":0,"14":0,"15":0,"16":0,"17":0},"b":{"0":[0,0],"1":[0,0],"2":[0,0],"3":[0,0],"4":[0,0],"5":[0,0],"6":[0,0],"7":[0,0],"8":[0,0],"9":[0,0],"10":[0,0],"11":[0,0],"12":[0,0],"13":[0,0],"14":[0,0],"15":[0,0],"16":[0,0],"17":[0,0],"18":[0,0]},"meta":{"lastBranch":19,"lastFunction":18,"lastStatement":122,"seen":{"s:29:18:29:49":0,"s:30:17:30:37":1,"s:33:15:33:45":2,"s:34:17:34:45":3,"s:37:0:37:Infinity":4,"s:43:13:43:15":5,"s:46:15:54:2":6,"s:57:0:57:Infinity":7,"s:60:22:60:49":8,"s:63:24:63:33":9,"f:69:16:69:38":0,"s:70:20:70:37":10,"s:71:2:71:Infinity":11,"s:72:2:72:Infinity":12,"f:79:16:79:36":1,"s:80:2:80:Infinity":13,"f:86:9:86:18":2,"s:87:2:102:Infinity":14,"b:89:4:91:Infinity:undefined:undefined:undefined:undefined":0,"s:89:4:91:Infinity":15,"s:90:5:90:Infinity":16,"s:93:31:93:56":17,"s:94:22:97:5":18,"s:98:3:98:Infinity":19,"s:99:3:99:Infinity":20,"s:101:3:101:Infinity":21,"f:108:9:108:18":3,"s:109:2:120:Infinity":22,"b:110:4:112:Infinity:undefined:undefined:undefined:undefined":1,"s:110:4:112:Infinity":23,"s:111:6:111:Infinity":24,"s:113:22:113:66":25,"b:114:4:117:Infinity:undefined:undefined:undefined:undefined":2,"s:114:4:117:Infinity":26,"s:115:5:115:Infinity":27,"s:116:5:116:Infinity":28,"s:119:3:119:Infinity":29,"f:126:15:126:27":4,"s:127:22:127:50":30,"s:128:22:128:87":31,"f:128:56:128:57":5,"s:128:66:128:86":32,"s:130:2:143:Infinity":33,"s:131:20:131:45":34,"s:132:4:142:Infinity":35,"s:133:22:133:44":36,"b:134:6:139:Infinity:137:13:139:Infinity":3,"s:134:6:139:Infinity":37,"b:134:10:134:22:134:26:134:41":4,"s:135:8:135:Infinity":38,"s:136:7:136:Infinity":39,"s:138:7:138:Infinity":40,"s:141:5:141:Infinity":41,"s:149:0:159:Infinity":42,"f:149:27:149:32":6,"s:151:2:158:Infinity":43,"s:152:21:152:57":44,"s:153:20:153:48":45,"b:153:20:153:40:153:44:153:48":5,"s:155:4:155:Infinity":46,"s:157:3:157:Infinity":47,"s:162:0:219:Infinity":48,"f:162:31:162:36":7,"b:164:2:174:Infinity:undefined:undefined:undefined:undefined":6,"s:164:2:174:Infinity":49,"s:165:20:165:64":50,"b:166:4:172:Infinity:undefined:undefined:undefined:undefined":7,"s:166:4:172:Infinity":51,"s:167:6:171:Infinity":52,"s:168:8:168:Infinity":53,"s:170:7:170:Infinity":54,"s:173:4:173:Infinity":55,"b:176:2:176:Infinity:undefined:undefined:undefined:undefined":8,"s:176:2:176:Infinity":56,"s:176:41:176:Infinity":57,"s:178:34:178:45":58,"s:180:2:218:Infinity":59,"s:181:3:181:Infinity":60,"b:184:4:191:Infinity:undefined:undefined:undefined:undefined":9,"s:184:4:191:Infinity":61,"s:185:6:188:Infinity":62,"s:189:5:189:Infinity":63,"s:190:6:190:Infinity":64,"s:194:20:194:52":65,"b:195:4:201:Infinity:undefined:undefined:undefined:undefined":10,"s:195:4:201:Infinity":66,"s:196:6:199:Infinity":67,"s:200:6:200:Infinity":68,"s:203:4:203:Infinity":69,"s:204:3:204:Infinity":70,"s:206:3:206:Infinity":71,"s:208:25:211:5":72,"b:213:4:217:Infinity:215:11:217:Infinity":11,"s:213:4:217:Infinity":73,"b:213:8:213:27:213:31:213:51":12,"s:214:6:214:Infinity":74,"f:214:53:214:54":8,"s:216:6:216:Infinity":75,"f:216:50:216:51":9,"f:225:15:225:31":10,"s:226:1:226:Infinity":76,"s:229:27:229:32":77,"b:230:2:243:Infinity:undefined:undefined:undefined:undefined":13,"s:230:2:243:Infinity":78,"s:231:3:231:Infinity":79,"s:232:22:232:32":80,"s:234:4:236:Infinity":81,"b:234:11:234:35:234:39:234:80":14,"s:235:6:235:Infinity":82,"f:235:24:235:25":11,"s:235:37:235:61":83,"b:238:4:242:Infinity:240:11:242:Infinity":15,"s:238:4:242:Infinity":84,"s:239:5:239:Infinity":85,"s:241:5:241:Infinity":86,"s:246:1:246:Infinity":87,"s:247:2:247:Infinity":88,"s:250:1:250:Infinity":89,"s:251:2:255:Infinity":90,"s:252:4:252:Infinity":91,"s:254:3:254:Infinity":92,"s:258:1:258:Infinity":93,"s:259:2:259:Infinity":94,"s:262:1:262:Infinity":95,"s:263:2:263:Infinity":96,"s:267:0:267:Infinity":97,"f:267:22:267:23":12,"s:267:28:267:55":98,"s:268:0:268:Infinity":99,"f:268:21:268:22":13,"s:268:27:268:53":100,"s:271:0:277:Infinity":101,"f:271:19:271:20":14,"s:272:1:276:Infinity":102,"s:279:0:285:Infinity":103,"f:279:33:279:34":15,"s:280:1:284:Infinity":104,"b:281:11:281:23:281:27:281:38":16,"s:288:14:288:39":105,"b:289:0:292:Infinity:undefined:undefined:undefined:undefined":17,"s:289:0:292:Infinity":106,"s:290:1:290:Infinity":107,"s:291:2:291:Infinity":108,"f:303:15:303:22":16,"b:305:2:310:Infinity:308:9:310:Infinity":18,"s:305:2:310:Infinity":109,"s:306:4:306:Infinity":110,"s:307:3:307:Infinity":111,"s:309:3:309:Infinity":112,"s:313:2:313:Infinity":113,"s:314:1:314:Infinity":114,"s:317:2:317:Infinity":115,"s:320:1:320:Infinity":116,"s:323:2:323:Infinity":117,"s:324:2:324:Infinity":118,"s:327:0:330:Infinity":119,"f:327:16:327:17":17,"s:328:1:328:Infinity":120,"s:329:2:329:Infinity":121}}}
,"/home/jailuser/git/src/logger.js": {"path":"/home/jailuser/git/src/logger.js","statementMap":{"0":{"start":{"line":17,"column":17},"end":{"line":17,"column":57}},"1":{"start":{"line":18,"column":18},"end":{"line":18,"column":55}},"2":{"start":{"line":19,"column":15},"end":{"line":19,"column":45}},"3":{"start":{"line":22,"column":15},"end":{"line":22,"column":21}},"4":{"start":{"line":23,"column":24},"end":{"line":23,"column":29}},"5":{"start":{"line":25,"column":0},"end":{"line":34,"column":null}},"6":{"start":{"line":26,"column":2},"end":{"line":30,"column":null}},"7":{"start":{"line":27,"column":19},"end":{"line":27,"column":64}},"8":{"start":{"line":28,"column":4},"end":{"line":28,"column":null}},"9":{"start":{"line":29,"column":4},"end":{"line":29,"column":null}},"10":{"start":{"line":33,"column":2},"end":{"line":33,"column":null}},"11":{"start":{"line":37,"column":0},"end":{"line":46,"column":null}},"12":{"start":{"line":38,"column":2},"end":{"line":45,"column":null}},"13":{"start":{"line":39,"column":4},"end":{"line":41,"column":null}},"14":{"start":{"line":40,"column":5},"end":{"line":40,"column":null}},"15":{"start":{"line":44,"column":4},"end":{"line":44,"column":null}},"16":{"start":{"line":51,"column":25},"end":{"line":59,"column":1}},"17":{"start":{"line":65,"column":2},"end":{"line":67,"column":null}},"18":{"start":{"line":66,"column":4},"end":{"line":66,"column":null}},"19":{"start":{"line":69,"column":2},"end":{"line":71,"column":null}},"20":{"start":{"line":70,"column":4},"end":{"line":70,"column":null}},"21":{"start":{"line":73,"column":2},"end":{"line":75,"column":null}},"22":{"start":{"line":74,"column":4},"end":{"line":74,"column":null}},"23":{"start":{"line":74,"column":29},"end":{"line":74,"column":54}},"24":{"start":{"line":77,"column":19},"end":{"line":77,"column":21}},"25":{"start":{"line":78,"column":2},"end":{"line":89,"column":null}},"26":{"start":{"line":80,"column":24},"end":{"line":80,"column":99}},"27":{"start":{"line":80,"column":57},"end":{"line":80,"column":98}},"28":{"start":{"line":82,"column":4},"end":{"line":88,"column":null}},"29":{"start":{"line":83,"column":6},"end":{"line":83,"column":null}},"30":{"start":{"line":84,"column":11},"end":{"line":88,"column":null}},"31":{"start":{"line":85,"column":6},"end":{"line":85,"column":null}},"32":{"start":{"line":87,"column":6},"end":{"line":87,"column":null}},"33":{"start":{"line":91,"column":2},"end":{"line":91,"column":null}},"34":{"start":{"line":97,"column":28},"end":{"line":119,"column":4}},"35":{"start":{"line":99,"column":19},"end":{"line":99,"column":61}},"36":{"start":{"line":102,"column":2},"end":{"line":116,"column":null}},"37":{"start":{"line":103,"column":4},"end":{"line":115,"column":null}},"38":{"start":{"line":105,"column":26},"end":{"line":107,"column":7}},"39":{"start":{"line":106,"column":19},"end":{"line":106,"column":60}},"40":{"start":{"line":109,"column":6},"end":{"line":114,"column":null}},"41":{"start":{"line":110,"column":8},"end":{"line":110,"column":null}},"42":{"start":{"line":111,"column":13},"end":{"line":114,"column":null}},"43":{"start":{"line":113,"column":8},"end":{"line":113,"column":null}},"44":{"start":{"line":118,"column":2},"end":{"line":118,"column":null}},"45":{"start":{"line":124,"column":18},"end":{"line":129,"column":1}},"46":{"start":{"line":134,"column":30},"end":{"line":137,"column":4}},"47":{"start":{"line":135,"column":2},"end":{"line":135,"column":null}},"48":{"start":{"line":136,"column":2},"end":{"line":136,"column":null}},"49":{"start":{"line":142,"column":22},"end":{"line":150,"column":1}},"50":{"start":{"line":145,"column":19},"end":{"line":145,"column":51}},"51":{"start":{"line":146,"column":20},"end":{"line":146,"column":82}},"52":{"start":{"line":148,"column":4},"end":{"line":148,"column":null}},"53":{"start":{"line":155,"column":19},"end":{"line":165,"column":1}},"54":{"start":{"line":168,"column":0},"end":{"line":198,"column":null}},"55":{"start":{"line":169,"column":2},"end":{"line":181,"column":null}},"56":{"start":{"line":184,"column":2},"end":{"line":197,"column":null}},"57":{"start":{"line":200,"column":15},"end":{"line":204,"column":2}},"58":{"start":{"line":210,"column":2},"end":{"line":210,"column":null}},"59":{"start":{"line":217,"column":2},"end":{"line":217,"column":null}},"60":{"start":{"line":224,"column":2},"end":{"line":224,"column":null}},"61":{"start":{"line":231,"column":2},"end":{"line":231,"column":null}}},"fnMap":{"0":{"name":"filterSensitiveData","decl":{"start":{"line":64,"column":9},"end":{"line":64,"column":28}},"loc":{"start":{"line":64,"column":34},"end":{"line":92,"column":null}},"line":64},"1":{"name":"(anonymous_1)","decl":{"start":{"line":74,"column":19},"end":{"line":74,"column":20}},"loc":{"start":{"line":74,"column":29},"end":{"line":74,"column":54}},"line":74},"2":{"name":"(anonymous_2)","decl":{"start":{"line":80,"column":46},"end":{"line":80,"column":47}},"loc":{"start":{"line":80,"column":57},"end":{"line":80,"column":98}},"line":80},"3":{"name":"(anonymous_3)","decl":{"start":{"line":97,"column":43},"end":{"line":97,"column":44}},"loc":{"start":{"line":97,"column":53},"end":{"line":119,"column":1}},"line":97},"4":{"name":"(anonymous_4)","decl":{"start":{"line":106,"column":8},"end":{"line":106,"column":9}},"loc":{"start":{"line":106,"column":19},"end":{"line":106,"column":60}},"line":106},"5":{"name":"(anonymous_5)","decl":{"start":{"line":134,"column":45},"end":{"line":134,"column":46}},"loc":{"start":{"line":134,"column":55},"end":{"line":137,"column":1}},"line":134},"6":{"name":"(anonymous_6)","decl":{"start":{"line":143,"column":2},"end":{"line":143,"column":3}},"loc":{"start":{"line":143,"column":61},"end":{"line":149,"column":3}},"line":143},"7":{"name":"debug","decl":{"start":{"line":209,"column":16},"end":{"line":209,"column":21}},"loc":{"start":{"line":209,"column":42},"end":{"line":211,"column":null}},"line":209},"8":{"name":"info","decl":{"start":{"line":216,"column":16},"end":{"line":216,"column":20}},"loc":{"start":{"line":216,"column":41},"end":{"line":218,"column":null}},"line":216},"9":{"name":"warn","decl":{"start":{"line":223,"column":16},"end":{"line":223,"column":20}},"loc":{"start":{"line":223,"column":41},"end":{"line":225,"column":null}},"line":223},"10":{"name":"error","decl":{"start":{"line":230,"column":16},"end":{"line":230,"column":21}},"loc":{"start":{"line":230,"column":42},"end":{"line":232,"column":null}},"line":230}},"branchMap":{"0":{"loc":{"start":{"line":26,"column":2},"end":{"line":30,"column":null}},"type":"if","locations":[{"start":{"line":26,"column":2},"end":{"line":30,"column":null}},{"start":{},"end":{}}],"line":26},"1":{"loc":{"start":{"line":28,"column":15},"end":{"line":28,"column":71}},"type":"binary-expr","locations":[{"start":{"line":28,"column":15},"end":{"line":28,"column":36}},{"start":{"line":28,"column":40},"end":{"line":28,"column":61}},{"start":{"line":28,"column":65},"end":{"line":28,"column":71}}],"line":28},"2":{"loc":{"start":{"line":29,"column":24},"end":{"line":29,"column":59}},"type":"binary-expr","locations":[{"start":{"line":29,"column":24},"end":{"line":29,"column":50}},{"start":{"line":29,"column":54},"end":{"line":29,"column":59}}],"line":29},"3":{"loc":{"start":{"line":33,"column":13},"end":{"line":33,"column":44}},"type":"binary-expr","locations":[{"start":{"line":33,"column":13},"end":{"line":33,"column":34}},{"start":{"line":33,"column":38},"end":{"line":33,"column":44}}],"line":33},"4":{"loc":{"start":{"line":37,"column":0},"end":{"line":46,"column":null}},"type":"if","locations":[{"start":{"line":37,"column":0},"end":{"line":46,"column":null}},{"start":{},"end":{}}],"line":37},"5":{"loc":{"start":{"line":39,"column":4},"end":{"line":41,"column":null}},"type":"if","locations":[{"start":{"line":39,"column":4},"end":{"line":41,"column":null}},{"start":{},"end":{}}],"line":39},"6":{"loc":{"start":{"line":65,"column":2},"end":{"line":67,"column":null}},"type":"if","locations":[{"start":{"line":65,"column":2},"end":{"line":67,"column":null}},{"start":{},"end":{}}],"line":65},"7":{"loc":{"start":{"line":65,"column":6},"end":{"line":65,"column":39}},"type":"binary-expr","locations":[{"start":{"line":65,"column":6},"end":{"line":65,"column":18}},{"start":{"line":65,"column":22},"end":{"line":65,"column":39}}],"line":65},"8":{"loc":{"start":{"line":69,"column":2},"end":{"line":71,"column":null}},"type":"if","locations":[{"start":{"line":69,"column":2},"end":{"line":71,"column":null}},{"start":{},"end":{}}],"line":69},"9":{"loc":{"start":{"line":73,"column":2},"end":{"line":75,"column":null}},"type":"if","locations":[{"start":{"line":73,"column":2},"end":{"line":75,"column":null}},{"start":{},"end":{}}],"line":73},"10":{"loc":{"start":{"line":82,"column":4},"end":{"line":88,"column":null}},"type":"if","locations":[{"start":{"line":82,"column":4},"end":{"line":88,"column":null}},{"start":{"line":84,"column":11},"end":{"line":88,"column":null}}],"line":82},"11":{"loc":{"start":{"line":84,"column":11},"end":{"line":88,"column":null}},"type":"if","locations":[{"start":{"line":84,"column":11},"end":{"line":88,"column":null}},{"start":{"line":86,"column":11},"end":{"line":88,"column":null}}],"line":84},"12":{"loc":{"start":{"line":84,"column":15},"end":{"line":84,"column":58}},"type":"binary-expr","locations":[{"start":{"line":84,"column":15},"end":{"line":84,"column":40}},{"start":{"line":84,"column":44},"end":{"line":84,"column":58}}],"line":84},"13":{"loc":{"start":{"line":103,"column":4},"end":{"line":115,"column":null}},"type":"if","locations":[{"start":{"line":103,"column":4},"end":{"line":115,"column":null}},{"start":{},"end":{}}],"line":103},"14":{"loc":{"start":{"line":103,"column":8},"end":{"line":103,"column":59}},"type":"binary-expr","locations":[{"start":{"line":103,"column":8},"end":{"line":103,"column":32}},{"start":{"line":103,"column":36},"end":{"line":103,"column":59}}],"line":103},"15":{"loc":{"start":{"line":109,"column":6},"end":{"line":114,"column":null}},"type":"if","locations":[{"start":{"line":109,"column":6},"end":{"line":114,"column":null}},{"start":{"line":111,"column":13},"end":{"line":114,"column":null}}],"line":109},"16":{"loc":{"start":{"line":111,"column":13},"end":{"line":114,"column":null}},"type":"if","locations":[{"start":{"line":111,"column":13},"end":{"line":114,"column":null}},{"start":{},"end":{}}],"line":111},"17":{"loc":{"start":{"line":111,"column":17},"end":{"line":111,"column":68}},"type":"binary-expr","locations":[{"start":{"line":111,"column":17},"end":{"line":111,"column":46}},{"start":{"line":111,"column":50},"end":{"line":111,"column":68}}],"line":111},"18":{"loc":{"start":{"line":145,"column":19},"end":{"line":145,"column":51}},"type":"binary-expr","locations":[{"start":{"line":145,"column":19},"end":{"line":145,"column":43}},{"start":{"line":145,"column":47},"end":{"line":145,"column":51}}],"line":145},"19":{"loc":{"start":{"line":146,"column":20},"end":{"line":146,"column":82}},"type":"cond-expr","locations":[{"start":{"line":146,"column":51},"end":{"line":146,"column":77}},{"start":{"line":146,"column":80},"end":{"line":146,"column":82}}],"line":146},"20":{"loc":{"start":{"line":168,"column":0},"end":{"line":198,"column":null}},"type":"if","locations":[{"start":{"line":168,"column":0},"end":{"line":198,"column":null}},{"start":{},"end":{}}],"line":168},"21":{"loc":{"start":{"line":209,"column":31},"end":{"line":209,"column":40}},"type":"default-arg","locations":[{"start":{"line":209,"column":38},"end":{"line":209,"column":40}}],"line":209},"22":{"loc":{"start":{"line":216,"column":30},"end":{"line":216,"column":39}},"type":"default-arg","locations":[{"start":{"line":216,"column":37},"end":{"line":216,"column":39}}],"line":216},"23":{"loc":{"start":{"line":223,"column":30},"end":{"line":223,"column":39}},"type":"default-arg","locations":[{"start":{"line":223,"column":37},"end":{"line":223,"column":39}}],"line":223},"24":{"loc":{"start":{"line":230,"column":31},"end":{"line":230,"column":40}},"type":"default-arg","locations":[{"start":{"line":230,"column":38},"end":{"line":230,"column":40}}],"line":230}},"s":{"0":5,"1":5,"2":5,"3":5,"4":5,"5":5,"6":5,"7":5,"8":5,"9":5,"10":0,"11":5,"12":5,"13":5,"14":0,"15":0,"16":5,"17":5431,"18":0,"19":5431,"20":0,"21":5431,"22":2,"23":4,"24":5429,"25":5429,"26":10856,"27":75986,"28":10856,"29":2,"30":10854,"31":5422,"32":5432,"33":6,"34":5,"35":148,"36":148,"37":514,"38":217,"39":1487,"40":217,"41":8,"42":209,"43":5,"44":147,"45":5,"46":5,"47":64,"48":64,"49":5,"50":64,"51":64,"52":64,"53":5,"54":5,"55":5,"56":5,"57":5,"58":1,"59":45,"60":1,"61":19},"f":{"0":5431,"1":4,"2":75986,"3":148,"4":1487,"5":64,"6":64,"7":1,"8":45,"9":1,"10":19},"b":{"0":[5,0],"1":[5,5,0],"2":[5,0],"3":[0,0],"4":[5,0],"5":[0,5],"6":[0,5431],"7":[5431,5431],"8":[0,5431],"9":[2,5429],"10":[2,10854],"11":[5422,5432],"12":[10854,5422],"13":[217,297],"14":[514,514],"15":[8,209],"16":[5,204],"17":[209,5],"18":[64,0],"19":[55,9],"20":[5,0],"21":[1],"22":[45],"23":[1],"24":[19]},"meta":{"lastBranch":25,"lastFunction":11,"lastStatement":62,"seen":{"s:17:17:17:57":0,"s:18:18:18:55":1,"s:19:15:19:45":2,"s:22:15:22:21":3,"s:23:24:23:29":4,"s:25:0:34:Infinity":5,"b:26:2:30:Infinity:undefined:undefined:undefined:undefined":0,"s:26:2:30:Infinity":6,"s:27:19:27:64":7,"s:28:4:28:Infinity":8,"b:28:15:28:36:28:40:28:61:28:65:28:71":1,"s:29:4:29:Infinity":9,"b:29:24:29:50:29:54:29:59":2,"s:33:2:33:Infinity":10,"b:33:13:33:34:33:38:33:44":3,"b:37:0:46:Infinity:undefined:undefined:undefined:undefined":4,"s:37:0:46:Infinity":11,"s:38:2:45:Infinity":12,"b:39:4:41:Infinity:undefined:undefined:undefined:undefined":5,"s:39:4:41:Infinity":13,"s:40:5:40:Infinity":14,"s:44:4:44:Infinity":15,"s:51:25:59:1":16,"f:64:9:64:28":0,"b:65:2:67:Infinity:undefined:undefined:undefined:undefined":6,"s:65:2:67:Infinity":17,"b:65:6:65:18:65:22:65:39":7,"s:66:4:66:Infinity":18,"b:69:2:71:Infinity:undefined:undefined:undefined:undefined":8,"s:69:2:71:Infinity":19,"s:70:4:70:Infinity":20,"b:73:2:75:Infinity:undefined:undefined:undefined:undefined":9,"s:73:2:75:Infinity":21,"s:74:4:74:Infinity":22,"f:74:19:74:20":1,"s:74:29:74:54":23,"s:77:19:77:21":24,"s:78:2:89:Infinity":25,"s:80:24:80:99":26,"f:80:46:80:47":2,"s:80:57:80:98":27,"b:82:4:88:Infinity:84:11:88:Infinity":10,"s:82:4:88:Infinity":28,"s:83:6:83:Infinity":29,"b:84:11:88:Infinity:86:11:88:Infinity":11,"s:84:11:88:Infinity":30,"b:84:15:84:40:84:44:84:58":12,"s:85:6:85:Infinity":31,"s:87:6:87:Infinity":32,"s:91:2:91:Infinity":33,"s:97:28:119:4":34,"f:97:43:97:44":3,"s:99:19:99:61":35,"s:102:2:116:Infinity":36,"b:103:4:115:Infinity:undefined:undefined:undefined:undefined":13,"s:103:4:115:Infinity":37,"b:103:8:103:32:103:36:103:59":14,"s:105:26:107:7":38,"f:106:8:106:9":4,"s:106:19:106:60":39,"b:109:6:114:Infinity:111:13:114:Infinity":15,"s:109:6:114:Infinity":40,"s:110:8:110:Infinity":41,"b:111:13:114:Infinity:undefined:undefined:undefined:undefined":16,"s:111:13:114:Infinity":42,"b:111:17:111:46:111:50:111:68":17,"s:113:8:113:Infinity":43,"s:118:2:118:Infinity":44,"s:124:18:129:1":45,"s:134:30:137:4":46,"f:134:45:134:46":5,"s:135:2:135:Infinity":47,"s:136:2:136:Infinity":48,"s:142:22:150:1":49,"f:143:2:143:3":6,"s:145:19:145:51":50,"b:145:19:145:43:145:47:145:51":18,"s:146:20:146:82":51,"b:146:51:146:77:146:80:146:82":19,"s:148:4:148:Infinity":52,"s:155:19:165:1":53,"b:168:0:198:Infinity:undefined:undefined:undefined:undefined":20,"s:168:0:198:Infinity":54,"s:169:2:181:Infinity":55,"s:184:2:197:Infinity":56,"s:200:15:204:2":57,"f:209:16:209:21":7,"b:209:38:209:40":21,"s:210:2:210:Infinity":58,"f:216:16:216:20":8,"b:216:37:216:39":22,"s:217:2:217:Infinity":59,"f:223:16:223:20":9,"b:223:37:223:39":23,"s:224:2:224:Infinity":60,"f:230:16:230:21":10,"b:230:38:230:40":24,"s:231:2:231:Infinity":61}}}
,"/home/jailuser/git/src/commands/config.js": {"path":"/home/jailuser/git/src/commands/config.js","statementMap":{"0":{"start":{"line":15,"column":2},"end":{"line":15,"column":null}},"1":{"start":{"line":18,"column":20},"end":{"line":64,"column":3}},"2":{"start":{"line":22,"column":4},"end":{"line":31,"column":7}},"3":{"start":{"line":26,"column":8},"end":{"line":30,"column":32}},"4":{"start":{"line":34,"column":4},"end":{"line":51,"column":7}},"5":{"start":{"line":38,"column":8},"end":{"line":42,"column":32}},"6":{"start":{"line":45,"column":8},"end":{"line":50,"column":28}},"7":{"start":{"line":54,"column":4},"end":{"line":63,"column":7}},"8":{"start":{"line":58,"column":8},"end":{"line":62,"column":32}},"9":{"start":{"line":66,"column":25},"end":{"line":66,"column":29}},"10":{"start":{"line":77,"column":2},"end":{"line":92,"column":null}},"11":{"start":{"line":79,"column":4},"end":{"line":82,"column":null}},"12":{"start":{"line":80,"column":6},"end":{"line":80,"column":null}},"13":{"start":{"line":81,"column":6},"end":{"line":81,"column":null}},"14":{"start":{"line":83,"column":4},"end":{"line":90,"column":null}},"15":{"start":{"line":84,"column":19},"end":{"line":84,"column":64}},"16":{"start":{"line":85,"column":6},"end":{"line":89,"column":null}},"17":{"start":{"line":86,"column":8},"end":{"line":86,"column":null}},"18":{"start":{"line":88,"column":8},"end":{"line":88,"column":null}},"19":{"start":{"line":91,"column":4},"end":{"line":91,"column":null}},"20":{"start":{"line":94,"column":2},"end":{"line":96,"column":null}},"21":{"start":{"line":95,"column":4},"end":{"line":95,"column":null}},"22":{"start":{"line":99,"column":2},"end":{"line":102,"column":null}},"23":{"start":{"line":100,"column":4},"end":{"line":100,"column":null}},"24":{"start":{"line":101,"column":4},"end":{"line":101,"column":null}},"25":{"start":{"line":104,"column":2},"end":{"line":111,"column":null}},"26":{"start":{"line":105,"column":17},"end":{"line":105,"column":50}},"27":{"start":{"line":106,"column":4},"end":{"line":110,"column":null}},"28":{"start":{"line":107,"column":6},"end":{"line":107,"column":null}},"29":{"start":{"line":109,"column":6},"end":{"line":109,"column":null}},"30":{"start":{"line":113,"column":2},"end":{"line":113,"column":null}},"31":{"start":{"line":121,"column":24},"end":{"line":121,"column":60}},"32":{"start":{"line":122,"column":23},"end":{"line":122,"column":63}},"33":{"start":{"line":123,"column":16},"end":{"line":123,"column":28}},"34":{"start":{"line":126,"column":2},"end":{"line":149,"column":null}},"35":{"start":{"line":128,"column":4},"end":{"line":131,"column":null}},"36":{"start":{"line":129,"column":21},"end":{"line":129,"column":59}},"37":{"start":{"line":131,"column":19},"end":{"line":131,"column":40}},"38":{"start":{"line":134,"column":18},"end":{"line":134,"column":44}},"39":{"start":{"line":135,"column":4},"end":{"line":148,"column":null}},"40":{"start":{"line":136,"column":21},"end":{"line":136,"column":59}},"41":{"start":{"line":138,"column":23},"end":{"line":138,"column":38}},"42":{"start":{"line":139,"column":23},"end":{"line":139,"column":38}},"43":{"start":{"line":140,"column":33},"end":{"line":140,"column":64}},"44":{"start":{"line":141,"column":33},"end":{"line":141,"column":64}},"45":{"start":{"line":142,"column":8},"end":{"line":144,"column":null}},"46":{"start":{"line":143,"column":10},"end":{"line":143,"column":null}},"47":{"start":{"line":145,"column":8},"end":{"line":145,"column":null}},"48":{"start":{"line":148,"column":19},"end":{"line":148,"column":40}},"49":{"start":{"line":151,"column":2},"end":{"line":151,"column":null}},"50":{"start":{"line":159,"column":21},"end":{"line":159,"column":56}},"51":{"start":{"line":161,"column":2},"end":{"line":177,"column":null}},"52":{"start":{"line":163,"column":6},"end":{"line":163,"column":null}},"53":{"start":{"line":164,"column":6},"end":{"line":164,"column":null}},"54":{"start":{"line":166,"column":6},"end":{"line":166,"column":null}},"55":{"start":{"line":167,"column":6},"end":{"line":167,"column":null}},"56":{"start":{"line":169,"column":6},"end":{"line":169,"column":null}},"57":{"start":{"line":170,"column":6},"end":{"line":170,"column":null}},"58":{"start":{"line":172,"column":6},"end":{"line":175,"column":null}},"59":{"start":{"line":176,"column":6},"end":{"line":176,"column":null}},"60":{"start":{"line":181,"column":25},"end":{"line":181,"column":29}},"61":{"start":{"line":187,"column":2},"end":{"line":263,"column":null}},"62":{"start":{"line":188,"column":18},"end":{"line":188,"column":30}},"63":{"start":{"line":189,"column":20},"end":{"line":189,"column":60}},"64":{"start":{"line":191,"column":18},"end":{"line":197,"column":21}},"65":{"start":{"line":199,"column":4},"end":{"line":255,"column":null}},"66":{"start":{"line":200,"column":26},"end":{"line":200,"column":41}},"67":{"start":{"line":201,"column":6},"end":{"line":207,"column":null}},"68":{"start":{"line":202,"column":28},"end":{"line":202,"column":53}},"69":{"start":{"line":203,"column":8},"end":{"line":206,"column":null}},"70":{"start":{"line":209,"column":6},"end":{"line":209,"column":null}},"71":{"start":{"line":210,"column":26},"end":{"line":210,"column":62}},"72":{"start":{"line":211,"column":6},"end":{"line":217,"column":null}},"73":{"start":{"line":219,"column":6},"end":{"line":219,"column":null}},"74":{"start":{"line":222,"column":24},"end":{"line":222,"column":95}},"75":{"start":{"line":223,"column":22},"end":{"line":223,"column":27}},"76":{"start":{"line":225,"column":6},"end":{"line":248,"column":null}},"77":{"start":{"line":226,"column":24},"end":{"line":226,"column":54}},"78":{"start":{"line":227,"column":27},"end":{"line":227,"column":115}},"79":{"start":{"line":228,"column":26},"end":{"line":228,"column":43}},"80":{"start":{"line":229,"column":28},"end":{"line":229,"column":64}},"81":{"start":{"line":231,"column":8},"end":{"line":240,"column":null}},"82":{"start":{"line":233,"column":10},"end":{"line":237,"column":null}},"83":{"start":{"line":238,"column":10},"end":{"line":238,"column":null}},"84":{"start":{"line":239,"column":10},"end":{"line":239,"column":null}},"85":{"start":{"line":242,"column":8},"end":{"line":242,"column":null}},"86":{"start":{"line":243,"column":8},"end":{"line":247,"column":null}},"87":{"start":{"line":250,"column":6},"end":{"line":254,"column":null}},"88":{"start":{"line":251,"column":8},"end":{"line":253,"column":null}},"89":{"start":{"line":257,"column":4},"end":{"line":257,"column":null}},"90":{"start":{"line":259,"column":4},"end":{"line":262,"column":null}},"91":{"start":{"line":270,"column":15},"end":{"line":270,"column":52}},"92":{"start":{"line":271,"column":16},"end":{"line":271,"column":54}},"93":{"start":{"line":274,"column":18},"end":{"line":274,"column":36}},"94":{"start":{"line":275,"column":24},"end":{"line":275,"column":48}},"95":{"start":{"line":276,"column":2},"end":{"line":282,"column":null}},"96":{"start":{"line":277,"column":24},"end":{"line":277,"column":49}},"97":{"start":{"line":278,"column":4},"end":{"line":281,"column":null}},"98":{"start":{"line":284,"column":2},"end":{"line":317,"column":null}},"99":{"start":{"line":285,"column":4},"end":{"line":285,"column":null}},"100":{"start":{"line":287,"column":27},"end":{"line":287,"column":60}},"101":{"start":{"line":290,"column":22},"end":{"line":293,"column":51}},"102":{"start":{"line":293,"column":26},"end":{"line":293,"column":34}},"103":{"start":{"line":295,"column":25},"end":{"line":295,"column":68}},"104":{"start":{"line":297,"column":6},"end":{"line":297,"column":84}},"105":{"start":{"line":299,"column":18},"end":{"line":307,"column":21}},"106":{"start":{"line":309,"column":4},"end":{"line":309,"column":null}},"107":{"start":{"line":311,"column":20},"end":{"line":311,"column":60}},"108":{"start":{"line":312,"column":4},"end":{"line":316,"column":null}},"109":{"start":{"line":313,"column":6},"end":{"line":313,"column":null}},"110":{"start":{"line":315,"column":6},"end":{"line":315,"column":null}},"111":{"start":{"line":324,"column":18},"end":{"line":324,"column":58}},"112":{"start":{"line":326,"column":2},"end":{"line":350,"column":null}},"113":{"start":{"line":327,"column":4},"end":{"line":327,"column":null}},"114":{"start":{"line":329,"column":4},"end":{"line":329,"column":null}},"115":{"start":{"line":331,"column":18},"end":{"line":340,"column":21}},"116":{"start":{"line":342,"column":4},"end":{"line":342,"column":null}},"117":{"start":{"line":344,"column":20},"end":{"line":344,"column":62}},"118":{"start":{"line":345,"column":4},"end":{"line":349,"column":null}},"119":{"start":{"line":346,"column":6},"end":{"line":346,"column":null}},"120":{"start":{"line":348,"column":6},"end":{"line":348,"column":null}}},"fnMap":{"0":{"name":"escapeInlineCode","decl":{"start":{"line":14,"column":9},"end":{"line":14,"column":25}},"loc":{"start":{"line":14,"column":31},"end":{"line":16,"column":null}},"line":14},"1":{"name":"(anonymous_1)","decl":{"start":{"line":21,"column":17},"end":{"line":21,"column":18}},"loc":{"start":{"line":22,"column":4},"end":{"line":31,"column":7}},"line":22},"2":{"name":"(anonymous_2)","decl":{"start":{"line":25,"column":23},"end":{"line":25,"column":24}},"loc":{"start":{"line":26,"column":8},"end":{"line":30,"column":32}},"line":26},"3":{"name":"(anonymous_3)","decl":{"start":{"line":33,"column":17},"end":{"line":33,"column":18}},"loc":{"start":{"line":34,"column":4},"end":{"line":51,"column":7}},"line":34},"4":{"name":"(anonymous_4)","decl":{"start":{"line":37,"column":23},"end":{"line":37,"column":24}},"loc":{"start":{"line":38,"column":8},"end":{"line":42,"column":32}},"line":38},"5":{"name":"(anonymous_5)","decl":{"start":{"line":44,"column":23},"end":{"line":44,"column":24}},"loc":{"start":{"line":45,"column":8},"end":{"line":50,"column":28}},"line":45},"6":{"name":"(anonymous_6)","decl":{"start":{"line":53,"column":17},"end":{"line":53,"column":18}},"loc":{"start":{"line":54,"column":4},"end":{"line":63,"column":7}},"line":54},"7":{"name":"(anonymous_7)","decl":{"start":{"line":57,"column":23},"end":{"line":57,"column":24}},"loc":{"start":{"line":58,"column":8},"end":{"line":62,"column":32}},"line":58},"8":{"name":"collectConfigPaths","decl":{"start":{"line":76,"column":9},"end":{"line":76,"column":27}},"loc":{"start":{"line":76,"column":61},"end":{"line":114,"column":null}},"line":76},"9":{"name":"(anonymous_9)","decl":{"start":{"line":83,"column":19},"end":{"line":83,"column":20}},"loc":{"start":{"line":83,"column":37},"end":{"line":90,"column":5}},"line":83},"10":{"name":"autocomplete","decl":{"start":{"line":120,"column":22},"end":{"line":120,"column":34}},"loc":{"start":{"line":120,"column":48},"end":{"line":152,"column":null}},"line":120},"11":{"name":"(anonymous_11)","decl":{"start":{"line":129,"column":14},"end":{"line":129,"column":15}},"loc":{"start":{"line":129,"column":21},"end":{"line":129,"column":59}},"line":129},"12":{"name":"(anonymous_12)","decl":{"start":{"line":131,"column":11},"end":{"line":131,"column":12}},"loc":{"start":{"line":131,"column":19},"end":{"line":131,"column":40}},"line":131},"13":{"name":"(anonymous_13)","decl":{"start":{"line":136,"column":14},"end":{"line":136,"column":15}},"loc":{"start":{"line":136,"column":21},"end":{"line":136,"column":59}},"line":136},"14":{"name":"(anonymous_14)","decl":{"start":{"line":137,"column":12},"end":{"line":137,"column":13}},"loc":{"start":{"line":137,"column":22},"end":{"line":146,"column":7}},"line":137},"15":{"name":"(anonymous_15)","decl":{"start":{"line":148,"column":11},"end":{"line":148,"column":12}},"loc":{"start":{"line":148,"column":19},"end":{"line":148,"column":40}},"line":148},"16":{"name":"execute","decl":{"start":{"line":158,"column":22},"end":{"line":158,"column":29}},"loc":{"start":{"line":158,"column":43},"end":{"line":178,"column":null}},"line":158},"17":{"name":"handleView","decl":{"start":{"line":186,"column":15},"end":{"line":186,"column":25}},"loc":{"start":{"line":186,"column":39},"end":{"line":264,"column":null}},"line":186},"18":{"name":"handleSet","decl":{"start":{"line":269,"column":15},"end":{"line":269,"column":24}},"loc":{"start":{"line":269,"column":38},"end":{"line":318,"column":null}},"line":269},"19":{"name":"(anonymous_19)","decl":{"start":{"line":293,"column":14},"end":{"line":293,"column":15}},"loc":{"start":{"line":293,"column":26},"end":{"line":293,"column":34}},"line":293},"20":{"name":"handleReset","decl":{"start":{"line":323,"column":15},"end":{"line":323,"column":26}},"loc":{"start":{"line":323,"column":40},"end":{"line":351,"column":null}},"line":323}},"branchMap":{"0":{"loc":{"start":{"line":76,"column":36},"end":{"line":76,"column":47}},"type":"default-arg","locations":[{"start":{"line":76,"column":45},"end":{"line":76,"column":47}}],"line":76},"1":{"loc":{"start":{"line":76,"column":49},"end":{"line":76,"column":59}},"type":"default-arg","locations":[{"start":{"line":76,"column":57},"end":{"line":76,"column":59}}],"line":76},"2":{"loc":{"start":{"line":77,"column":2},"end":{"line":92,"column":null}},"type":"if","locations":[{"start":{"line":77,"column":2},"end":{"line":92,"column":null}},{"start":{},"end":{}}],"line":77},"3":{"loc":{"start":{"line":79,"column":4},"end":{"line":82,"column":null}},"type":"if","locations":[{"start":{"line":79,"column":4},"end":{"line":82,"column":null}},{"start":{},"end":{}}],"line":79},"4":{"loc":{"start":{"line":79,"column":8},"end":{"line":79,"column":37}},"type":"binary-expr","locations":[{"start":{"line":79,"column":8},"end":{"line":79,"column":27}},{"start":{"line":79,"column":31},"end":{"line":79,"column":37}}],"line":79},"5":{"loc":{"start":{"line":84,"column":19},"end":{"line":84,"column":64}},"type":"cond-expr","locations":[{"start":{"line":84,"column":28},"end":{"line":84,"column":48}},{"start":{"line":84,"column":51},"end":{"line":84,"column":64}}],"line":84},"6":{"loc":{"start":{"line":85,"column":6},"end":{"line":89,"column":null}},"type":"if","locations":[{"start":{"line":85,"column":6},"end":{"line":89,"column":null}},{"start":{"line":87,"column":13},"end":{"line":89,"column":null}}],"line":85},"7":{"loc":{"start":{"line":85,"column":10},"end":{"line":85,"column":44}},"type":"binary-expr","locations":[{"start":{"line":85,"column":10},"end":{"line":85,"column":15}},{"start":{"line":85,"column":19},"end":{"line":85,"column":44}}],"line":85},"8":{"loc":{"start":{"line":94,"column":2},"end":{"line":96,"column":null}},"type":"if","locations":[{"start":{"line":94,"column":2},"end":{"line":96,"column":null}},{"start":{},"end":{}}],"line":94},"9":{"loc":{"start":{"line":94,"column":6},"end":{"line":94,"column":43}},"type":"binary-expr","locations":[{"start":{"line":94,"column":6},"end":{"line":94,"column":13}},{"start":{"line":94,"column":17},"end":{"line":94,"column":43}}],"line":94},"10":{"loc":{"start":{"line":99,"column":2},"end":{"line":102,"column":null}},"type":"if","locations":[{"start":{"line":99,"column":2},"end":{"line":102,"column":null}},{"start":{},"end":{}}],"line":99},"11":{"loc":{"start":{"line":99,"column":6},"end":{"line":99,"column":48}},"type":"binary-expr","locations":[{"start":{"line":99,"column":6},"end":{"line":99,"column":38}},{"start":{"line":99,"column":42},"end":{"line":99,"column":48}}],"line":99},"12":{"loc":{"start":{"line":105,"column":17},"end":{"line":105,"column":50}},"type":"cond-expr","locations":[{"start":{"line":105,"column":26},"end":{"line":105,"column":44}},{"start":{"line":105,"column":47},"end":{"line":105,"column":50}}],"line":105},"13":{"loc":{"start":{"line":106,"column":4},"end":{"line":110,"column":null}},"type":"if","locations":[{"start":{"line":106,"column":4},"end":{"line":110,"column":null}},{"start":{"line":108,"column":11},"end":{"line":110,"column":null}}],"line":106},"14":{"loc":{"start":{"line":106,"column":8},"end":{"line":106,"column":42}},"type":"binary-expr","locations":[{"start":{"line":106,"column":8},"end":{"line":106,"column":13}},{"start":{"line":106,"column":17},"end":{"line":106,"column":42}}],"line":106},"15":{"loc":{"start":{"line":126,"column":2},"end":{"line":149,"column":null}},"type":"if","locations":[{"start":{"line":126,"column":2},"end":{"line":149,"column":null}},{"start":{"line":132,"column":9},"end":{"line":149,"column":null}}],"line":126},"16":{"loc":{"start":{"line":142,"column":8},"end":{"line":144,"column":null}},"type":"if","locations":[{"start":{"line":142,"column":8},"end":{"line":144,"column":null}},{"start":{},"end":{}}],"line":142},"17":{"loc":{"start":{"line":143,"column":17},"end":{"line":143,"column":42}},"type":"cond-expr","locations":[{"start":{"line":143,"column":36},"end":{"line":143,"column":38}},{"start":{"line":143,"column":41},"end":{"line":143,"column":42}}],"line":143},"18":{"loc":{"start":{"line":161,"column":2},"end":{"line":177,"column":null}},"type":"switch","locations":[{"start":{"line":162,"column":4},"end":{"line":164,"column":null}},{"start":{"line":165,"column":4},"end":{"line":167,"column":null}},{"start":{"line":168,"column":4},"end":{"line":170,"column":null}},{"start":{"line":171,"column":4},"end":{"line":176,"column":null}}],"line":161},"19":{"loc":{"start":{"line":195,"column":17},"end":{"line":195,"column":101}},"type":"cond-expr","locations":[{"start":{"line":195,"column":44},"end":{"line":195,"column":66}},{"start":{"line":195,"column":69},"end":{"line":195,"column":101}}],"line":195},"20":{"loc":{"start":{"line":199,"column":4},"end":{"line":255,"column":null}},"type":"if","locations":[{"start":{"line":199,"column":4},"end":{"line":255,"column":null}},{"start":{"line":218,"column":11},"end":{"line":255,"column":null}}],"line":199},"21":{"loc":{"start":{"line":201,"column":6},"end":{"line":207,"column":null}},"type":"if","locations":[{"start":{"line":201,"column":6},"end":{"line":207,"column":null}},{"start":{},"end":{}}],"line":201},"22":{"loc":{"start":{"line":215,"column":11},"end":{"line":215,"column":86}},"type":"cond-expr","locations":[{"start":{"line":215,"column":39},"end":{"line":215,"column":72}},{"start":{"line":215,"column":75},"end":{"line":215,"column":86}}],"line":215},"23":{"loc":{"start":{"line":222,"column":25},"end":{"line":222,"column":54}},"type":"binary-expr","locations":[{"start":{"line":222,"column":25},"end":{"line":222,"column":49}},{"start":{"line":222,"column":53},"end":{"line":222,"column":54}}],"line":222},"24":{"loc":{"start":{"line":222,"column":59},"end":{"line":222,"column":94}},"type":"binary-expr","locations":[{"start":{"line":222,"column":59},"end":{"line":222,"column":89}},{"start":{"line":222,"column":93},"end":{"line":222,"column":94}}],"line":222},"25":{"loc":{"start":{"line":227,"column":42},"end":{"line":227,"column":105}},"type":"cond-expr","locations":[{"start":{"line":227,"column":66},"end":{"line":227,"column":95}},{"start":{"line":227,"column":98},"end":{"line":227,"column":105}}],"line":227},"26":{"loc":{"start":{"line":231,"column":8},"end":{"line":240,"column":null}},"type":"if","locations":[{"start":{"line":231,"column":8},"end":{"line":240,"column":null}},{"start":{},"end":{}}],"line":231},"27":{"loc":{"start":{"line":250,"column":6},"end":{"line":254,"column":null}},"type":"if","locations":[{"start":{"line":250,"column":6},"end":{"line":254,"column":null}},{"start":{},"end":{}}],"line":250},"28":{"loc":{"start":{"line":276,"column":2},"end":{"line":282,"column":null}},"type":"if","locations":[{"start":{"line":276,"column":2},"end":{"line":282,"column":null}},{"start":{},"end":{}}],"line":276},"29":{"loc":{"start":{"line":295,"column":25},"end":{"line":295,"column":68}},"type":"binary-expr","locations":[{"start":{"line":295,"column":25},"end":{"line":295,"column":59}},{"start":{"line":295,"column":63},"end":{"line":295,"column":68}}],"line":295},"30":{"loc":{"start":{"line":297,"column":6},"end":{"line":297,"column":84}},"type":"cond-expr","locations":[{"start":{"line":297,"column":35},"end":{"line":297,"column":69}},{"start":{"line":297,"column":72},"end":{"line":297,"column":84}}],"line":297},"31":{"loc":{"start":{"line":312,"column":4},"end":{"line":316,"column":null}},"type":"if","locations":[{"start":{"line":312,"column":4},"end":{"line":316,"column":null}},{"start":{"line":314,"column":11},"end":{"line":316,"column":null}}],"line":312},"32":{"loc":{"start":{"line":329,"column":22},"end":{"line":329,"column":42}},"type":"binary-expr","locations":[{"start":{"line":329,"column":22},"end":{"line":329,"column":29}},{"start":{"line":329,"column":33},"end":{"line":329,"column":42}}],"line":329},"33":{"loc":{"start":{"line":335,"column":8},"end":{"line":337,"column":76}},"type":"cond-expr","locations":[{"start":{"line":336,"column":12},"end":{"line":336,"column":null}},{"start":{"line":337,"column":12},"end":{"line":337,"column":76}}],"line":335},"34":{"loc":{"start":{"line":345,"column":4},"end":{"line":349,"column":null}},"type":"if","locations":[{"start":{"line":345,"column":4},"end":{"line":349,"column":null}},{"start":{"line":347,"column":11},"end":{"line":349,"column":null}}],"line":345}},"s":{"0":0,"1":1,"2":1,"3":1,"4":1,"5":1,"6":1,"7":1,"8":1,"9":1,"10":0,"11":0,"12":0,"13":0,"14":0,"15":0,"16":0,"17":0,"18":0,"19":0,"20":0,"21":0,"22":0,"23":0,"24":0,"25":0,"26":0,"27":0,"28":0,"29":0,"30":0,"31":0,"32":0,"33":0,"34":0,"35":0,"36":0,"37":0,"38":0,"39":0,"40":0,"41":0,"42":0,"43":0,"44":0,"45":0,"46":0,"47":0,"48":0,"49":0,"50":0,"51":0,"52":0,"53":0,"54":0,"55":0,"56":0,"57":0,"58":0,"59":0,"60":1,"61":0,"62":0,"63":0,"64":0,"65":0,"66":0,"67":0,"68":0,"69":0,"70":0,"71":0,"72":0,"73":0,"74":0,"75":0,"76":0,"77":0,"78":0,"79":0,"80":0,"81":0,"82":0,"83":0,"84":0,"85":0,"86":0,"87":0,"88":0,"89":0,"90":0,"91":0,"92":0,"93":0,"94":0,"95":0,"96":0,"97":0,"98":0,"99":0,"100":0,"101":0,"102":0,"103":0,"104":0,"105":0,"106":0,"107":0,"108":0,"109":0,"110":0,"111":0,"112":0,"113":0,"114":0,"115":0,"116":0,"117":0,"118":0,"119":0,"120":0},"f":{"0":0,"1":1,"2":1,"3":1,"4":1,"5":1,"6":1,"7":1,"8":0,"9":0,"10":0,"11":0,"12":0,"13":0,"14":0,"15":0,"16":0,"17":0,"18":0,"19":0,"20":0},"b":{"0":[0],"1":[0],"2":[0,0],"3":[0,0],"4":[0,0],"5":[0,0],"6":[0,0],"7":[0,0],"8":[0,0],"9":[0,0],"10":[0,0],"11":[0,0],"12":[0,0],"13":[0,0],"14":[0,0],"15":[0,0],"16":[0,0],"17":[0,0],"18":[0,0,0,0],"19":[0,0],"20":[0,0],"21":[0,0],"22":[0,0],"23":[0,0],"24":[0,0],"25":[0,0],"26":[0,0],"27":[0,0],"28":[0,0],"29":[0,0],"30":[0,0],"31":[0,0],"32":[0,0],"33":[0,0],"34":[0,0]},"meta":{"lastBranch":35,"lastFunction":21,"lastStatement":121,"seen":{"f:14:9:14:25":0,"s:15:2:15:Infinity":0,"s:18:20:64:3":1,"f:21:17:21:18":1,"s:22:4:31:7":2,"f:25:23:25:24":2,"s:26:8:30:32":3,"f:33:17:33:18":3,"s:34:4:51:7":4,"f:37:23:37:24":4,"s:38:8:42:32":5,"f:44:23:44:24":5,"s:45:8:50:28":6,"f:53:17:53:18":6,"s:54:4:63:7":7,"f:57:23:57:24":7,"s:58:8:62:32":8,"s:66:25:66:29":9,"f:76:9:76:27":8,"b:76:45:76:47":0,"b:76:57:76:59":1,"b:77:2:92:Infinity:undefined:undefined:undefined:undefined":2,"s:77:2:92:Infinity":10,"b:79:4:82:Infinity:undefined:undefined:undefined:undefined":3,"s:79:4:82:Infinity":11,"b:79:8:79:27:79:31:79:37":4,"s:80:6:80:Infinity":12,"s:81:6:81:Infinity":13,"s:83:4:90:Infinity":14,"f:83:19:83:20":9,"s:84:19:84:64":15,"b:84:28:84:48:84:51:84:64":5,"b:85:6:89:Infinity:87:13:89:Infinity":6,"s:85:6:89:Infinity":16,"b:85:10:85:15:85:19:85:44":7,"s:86:8:86:Infinity":17,"s:88:8:88:Infinity":18,"s:91:4:91:Infinity":19,"b:94:2:96:Infinity:undefined:undefined:undefined:undefined":8,"s:94:2:96:Infinity":20,"b:94:6:94:13:94:17:94:43":9,"s:95:4:95:Infinity":21,"b:99:2:102:Infinity:undefined:undefined:undefined:undefined":10,"s:99:2:102:Infinity":22,"b:99:6:99:38:99:42:99:48":11,"s:100:4:100:Infinity":23,"s:101:4:101:Infinity":24,"s:104:2:111:Infinity":25,"s:105:17:105:50":26,"b:105:26:105:44:105:47:105:50":12,"b:106:4:110:Infinity:108:11:110:Infinity":13,"s:106:4:110:Infinity":27,"b:106:8:106:13:106:17:106:42":14,"s:107:6:107:Infinity":28,"s:109:6:109:Infinity":29,"s:113:2:113:Infinity":30,"f:120:22:120:34":10,"s:121:24:121:60":31,"s:122:23:122:63":32,"s:123:16:123:28":33,"b:126:2:149:Infinity:132:9:149:Infinity":15,"s:126:2:149:Infinity":34,"s:128:4:131:Infinity":35,"f:129:14:129:15":11,"s:129:21:129:59":36,"f:131:11:131:12":12,"s:131:19:131:40":37,"s:134:18:134:44":38,"s:135:4:148:Infinity":39,"f:136:14:136:15":13,"s:136:21:136:59":40,"f:137:12:137:13":14,"s:138:23:138:38":41,"s:139:23:139:38":42,"s:140:33:140:64":43,"s:141:33:141:64":44,"b:142:8:144:Infinity:undefined:undefined:undefined:undefined":16,"s:142:8:144:Infinity":45,"s:143:10:143:Infinity":46,"b:143:36:143:38:143:41:143:42":17,"s:145:8:145:Infinity":47,"f:148:11:148:12":15,"s:148:19:148:40":48,"s:151:2:151:Infinity":49,"f:158:22:158:29":16,"s:159:21:159:56":50,"b:162:4:164:Infinity:165:4:167:Infinity:168:4:170:Infinity:171:4:176:Infinity":18,"s:161:2:177:Infinity":51,"s:163:6:163:Infinity":52,"s:164:6:164:Infinity":53,"s:166:6:166:Infinity":54,"s:167:6:167:Infinity":55,"s:169:6:169:Infinity":56,"s:170:6:170:Infinity":57,"s:172:6:175:Infinity":58,"s:176:6:176:Infinity":59,"s:181:25:181:29":60,"f:186:15:186:25":17,"s:187:2:263:Infinity":61,"s:188:18:188:30":62,"s:189:20:189:60":63,"s:191:18:197:21":64,"b:195:44:195:66:195:69:195:101":19,"b:199:4:255:Infinity:218:11:255:Infinity":20,"s:199:4:255:Infinity":65,"s:200:26:200:41":66,"b:201:6:207:Infinity:undefined:undefined:undefined:undefined":21,"s:201:6:207:Infinity":67,"s:202:28:202:53":68,"s:203:8:206:Infinity":69,"s:209:6:209:Infinity":70,"s:210:26:210:62":71,"s:211:6:217:Infinity":72,"b:215:39:215:72:215:75:215:86":22,"s:219:6:219:Infinity":73,"s:222:24:222:95":74,"b:222:25:222:49:222:53:222:54":23,"b:222:59:222:89:222:93:222:94":24,"s:223:22:223:27":75,"s:225:6:248:Infinity":76,"s:226:24:226:54":77,"s:227:27:227:115":78,"b:227:66:227:95:227:98:227:105":25,"s:228:26:228:43":79,"s:229:28:229:64":80,"b:231:8:240:Infinity:undefined:undefined:undefined:undefined":26,"s:231:8:240:Infinity":81,"s:233:10:237:Infinity":82,"s:238:10:238:Infinity":83,"s:239:10:239:Infinity":84,"s:242:8:242:Infinity":85,"s:243:8:247:Infinity":86,"b:250:6:254:Infinity:undefined:undefined:undefined:undefined":27,"s:250:6:254:Infinity":87,"s:251:8:253:Infinity":88,"s:257:4:257:Infinity":89,"s:259:4:262:Infinity":90,"f:269:15:269:24":18,"s:270:15:270:52":91,"s:271:16:271:54":92,"s:274:18:274:36":93,"s:275:24:275:48":94,"b:276:2:282:Infinity:undefined:undefined:undefined:undefined":28,"s:276:2:282:Infinity":95,"s:277:24:277:49":96,"s:278:4:281:Infinity":97,"s:284:2:317:Infinity":98,"s:285:4:285:Infinity":99,"s:287:27:287:60":100,"s:290:22:293:51":101,"f:293:14:293:15":19,"s:293:26:293:34":102,"s:295:25:295:68":103,"b:295:25:295:59:295:63:295:68":29,"s:297:6:297:84":104,"b:297:35:297:69:297:72:297:84":30,"s:299:18:307:21":105,"s:309:4:309:Infinity":106,"s:311:20:311:60":107,"b:312:4:316:Infinity:314:11:316:Infinity":31,"s:312:4:316:Infinity":108,"s:313:6:313:Infinity":109,"s:315:6:315:Infinity":110,"f:323:15:323:26":20,"s:324:18:324:58":111,"s:326:2:350:Infinity":112,"s:327:4:327:Infinity":113,"s:329:4:329:Infinity":114,"b:329:22:329:29:329:33:329:42":32,"s:331:18:340:21":115,"b:336:12:336:Infinity:337:12:337:76":33,"s:342:4:342:Infinity":116,"s:344:20:344:62":117,"b:345:4:349:Infinity:347:11:349:Infinity":34,"s:345:4:349:Infinity":118,"s:346:6:346:Infinity":119,"s:348:6:348:Infinity":120}}}
,"/home/jailuser/git/src/commands/ping.js": {"path":"/home/jailuser/git/src/commands/ping.js","statementMap":{"0":{"start":{"line":3,"column":20},"end":{"line":5,"column":57}},"1":{"start":{"line":8,"column":19},"end":{"line":11,"column":4}},"2":{"start":{"line":13,"column":15},"end":{"line":13,"column":40}},"3":{"start":{"line":14,"column":18},"end":{"line":14,"column":70}},"4":{"start":{"line":15,"column":21},"end":{"line":15,"column":59}},"5":{"start":{"line":17,"column":2},"end":{"line":17,"column":null}}},"fnMap":{"0":{"name":"execute","decl":{"start":{"line":7,"column":22},"end":{"line":7,"column":29}},"loc":{"start":{"line":7,"column":43},"end":{"line":18,"column":null}},"line":7}},"branchMap":{},"s":{"0":2,"1":9,"2":9,"3":9,"4":9,"5":9},"f":{"0":9},"b":{},"meta":{"lastBranch":0,"lastFunction":1,"lastStatement":6,"seen":{"s:3:20:5:57":0,"f:7:22:7:29":0,"s:8:19:11:4":1,"s:13:15:13:40":2,"s:14:18:14:70":3,"s:15:21:15:59":4,"s:17:2:17:Infinity":5}}}
,"/home/jailuser/git/src/commands/status.js": {"path":"/home/jailuser/git/src/commands/status.js","statementMap":{"0":{"start":{"line":12,"column":20},"end":{"line":20,"column":3}},"1":{"start":{"line":16,"column":4},"end":{"line":19,"column":25}},"2":{"start":{"line":26,"column":2},"end":{"line":26,"column":null}},"3":{"start":{"line":26,"column":18},"end":{"line":26,"column":null}},"4":{"start":{"line":28,"column":14},"end":{"line":28,"column":24}},"5":{"start":{"line":29,"column":15},"end":{"line":29,"column":30}},"6":{"start":{"line":30,"column":18},"end":{"line":30,"column":41}},"7":{"start":{"line":31,"column":18},"end":{"line":31,"column":42}},"8":{"start":{"line":32,"column":16},"end":{"line":32,"column":40}},"9":{"start":{"line":33,"column":15},"end":{"line":33,"column":37}},"10":{"start":{"line":35,"column":2},"end":{"line":35,"column":null}},"11":{"start":{"line":35,"column":19},"end":{"line":35,"column":null}},"12":{"start":{"line":36,"column":2},"end":{"line":36,"column":null}},"13":{"start":{"line":36,"column":20},"end":{"line":36,"column":null}},"14":{"start":{"line":37,"column":2},"end":{"line":37,"column":null}},"15":{"start":{"line":37,"column":20},"end":{"line":37,"column":null}},"16":{"start":{"line":38,"column":2},"end":{"line":38,"column":null}},"17":{"start":{"line":38,"column":18},"end":{"line":38,"column":null}},"18":{"start":{"line":39,"column":2},"end":{"line":39,"column":null}},"19":{"start":{"line":46,"column":2},"end":{"line":55,"column":null}},"20":{"start":{"line":48,"column":6},"end":{"line":48,"column":null}},"21":{"start":{"line":50,"column":6},"end":{"line":50,"column":null}},"22":{"start":{"line":52,"column":6},"end":{"line":52,"column":null}},"23":{"start":{"line":54,"column":6},"end":{"line":54,"column":null}},"24":{"start":{"line":62,"column":2},"end":{"line":152,"column":null}},"25":{"start":{"line":63,"column":21},"end":{"line":63,"column":72}},"26":{"start":{"line":64,"column":26},"end":{"line":64,"column":53}},"27":{"start":{"line":66,"column":4},"end":{"line":138,"column":null}},"28":{"start":{"line":68,"column":6},"end":{"line":74,"column":null}},"29":{"start":{"line":69,"column":8},"end":{"line":72,"column":null}},"30":{"start":{"line":73,"column":8},"end":{"line":73,"column":null}},"31":{"start":{"line":77,"column":21},"end":{"line":77,"column":54}},"32":{"start":{"line":79,"column":20},"end":{"line":109,"column":57}},"33":{"start":{"line":111,"column":6},"end":{"line":111,"column":null}},"34":{"start":{"line":114,"column":21},"end":{"line":114,"column":46}},"35":{"start":{"line":116,"column":20},"end":{"line":135,"column":71}},"36":{"start":{"line":137,"column":6},"end":{"line":137,"column":null}},"37":{"start":{"line":140,"column":3},"end":{"line":140,"column":null}},"38":{"start":{"line":142,"column":18},"end":{"line":145,"column":5}},"39":{"start":{"line":147,"column":4},"end":{"line":151,"column":null}},"40":{"start":{"line":148,"column":6},"end":{"line":148,"column":null}},"41":{"start":{"line":150,"column":6},"end":{"line":150,"column":null}}},"fnMap":{"0":{"name":"(anonymous_0)","decl":{"start":{"line":15,"column":20},"end":{"line":15,"column":21}},"loc":{"start":{"line":16,"column":4},"end":{"line":19,"column":25}},"line":16},"1":{"name":"formatRelativeTime","decl":{"start":{"line":25,"column":9},"end":{"line":25,"column":27}},"loc":{"start":{"line":25,"column":39},"end":{"line":40,"column":null}},"line":25},"2":{"name":"getStatusEmoji","decl":{"start":{"line":45,"column":9},"end":{"line":45,"column":23}},"loc":{"start":{"line":45,"column":32},"end":{"line":56,"column":null}},"line":45},"3":{"name":"execute","decl":{"start":{"line":61,"column":22},"end":{"line":61,"column":29}},"loc":{"start":{"line":61,"column":43},"end":{"line":153,"column":null}},"line":61},"4":{"name":"(anonymous_4)","decl":{"start":{"line":148,"column":46},"end":{"line":148,"column":47}},"loc":{"start":{"line":148,"column":52},"end":{"line":148,"column":54}},"line":148},"5":{"name":"(anonymous_5)","decl":{"start":{"line":150,"column":43},"end":{"line":150,"column":44}},"loc":{"start":{"line":150,"column":49},"end":{"line":150,"column":51}},"line":150}},"branchMap":{"0":{"loc":{"start":{"line":26,"column":2},"end":{"line":26,"column":null}},"type":"if","locations":[{"start":{"line":26,"column":2},"end":{"line":26,"column":null}},{"start":{},"end":{}}],"line":26},"1":{"loc":{"start":{"line":35,"column":2},"end":{"line":35,"column":null}},"type":"if","locations":[{"start":{"line":35,"column":2},"end":{"line":35,"column":null}},{"start":{},"end":{}}],"line":35},"2":{"loc":{"start":{"line":36,"column":2},"end":{"line":36,"column":null}},"type":"if","locations":[{"start":{"line":36,"column":2},"end":{"line":36,"column":null}},{"start":{},"end":{}}],"line":36},"3":{"loc":{"start":{"line":37,"column":2},"end":{"line":37,"column":null}},"type":"if","locations":[{"start":{"line":37,"column":2},"end":{"line":37,"column":null}},{"start":{},"end":{}}],"line":37},"4":{"loc":{"start":{"line":38,"column":2},"end":{"line":38,"column":null}},"type":"if
[...]
ission","decl":{"start":{"line":40,"column":16},"end":{"line":40,"column":29}},"loc":{"start":{"line":40,"column":59},"end":{"line":67,"column":null}},"line":40},"2":{"name":"getPermissionError","decl":{"start":{"line":75,"column":16},"end":{"line":75,"column":34}},"loc":{"start":{"line":75,"column":48},"end":{"line":77,"column":null}},"line":75}},"branchMap":{"0":{"loc":{"start":{"line":17,"column":2},"end":{"line":17,"column":null}},"type":"if","locations":[{"start":{"line":17,"column":2},"end":{"line":17,"column":null}},{"start":{},"end":{}}],"line":17},"1":{"loc":{"start":{"line":17,"column":6},"end":{"line":17,"column":24}},"type":"binary-expr","locations":[{"start":{"line":17,"column":6},"end":{"line":17,"column":13}},{"start":{"line":17,"column":17},"end":{"line":17,"column":24}}],"line":17},"2":{"loc":{"start":{"line":20,"column":2},"end":{"line":22,"column":null}},"type":"if","locations":[{"start":{"line":20,"column":2},"end":{"line":22,"column":null}},{"start":{},"end":{}}],"line":20},"3":{"loc":{"start":{"line":25,"column":2},"end":{"line":27,"column":null}},"type":"if","locations":[{"start":{"line":25,"column":2},"end":{"line":27,"column":null}},{"start":{},"end":{}}],"line":25},"4":{"loc":{"start":{"line":41,"column":2},"end":{"line":41,"column":null}},"type":"if","locations":[{"start":{"line":41,"column":2},"end":{"line":41,"column":null}},{"start":{},"end":{}}],"line":41},"5":{"loc":{"start":{"line":41,"column":6},"end":{"line":41,"column":40}},"type":"binary-expr","locations":[{"start":{"line":41,"column":6},"end":{"line":41,"column":13}},{"start":{"line":41,"column":17},"end":{"line":41,"column":29}},{"start":{"line":41,"column":33},"end":{"line":41,"column":40}}],"line":41},"6":{"loc":{"start":{"line":44,"column":2},"end":{"line":46,"column":null}},"type":"if","locations":[{"start":{"line":44,"column":2},"end":{"line":46,"column":null}},{"start":{},"end":{}}],"line":44},"7":{"loc":{"start":{"line":44,"column":6},"end":{"line":44,"column":73}},"type":"binary-expr","locations":[{"start":{"line":44,"column":6},"end":{"line":44,"column":34}},{"start":{"line":44,"column":38},"end":{"line":44,"column":73}}],"line":44},"8":{"loc":{"start":{"line":52,"column":2},"end":{"line":54,"column":null}},"type":"if","locations":[{"start":{"line":52,"column":2},"end":{"line":54,"column":null}},{"start":{},"end":{}}],"line":52},"9":{"loc":{"start":{"line":57,"column":2},"end":{"line":59,"column":null}},"type":"if","locations":[{"start":{"line":57,"column":2},"end":{"line":59,"column":null}},{"start":{},"end":{}}],"line":57},"10":{"loc":{"start":{"line":61,"column":2},"end":{"line":63,"column":null}},"type":"if","locations":[{"start":{"line":61,"column":2},"end":{"line":63,"column":null}},{"start":{},"end":{}}],"line":61}},"s":{"0":0,"1":0,"2":0,"3":0,"4":0,"5":0,"6":0,"7":0,"8":0,"9":0,"10":0,"11":0,"12":0,"13":0,"14":0,"15":0,"16":0,"17":0,"18":0,"19":0},"f":{"0":0,"1":0,"2":0},"b":{"0":[0,0],"1":[0,0],"2":[0,0],"3":[0,0],"4":[0,0],"5":[0,0,0],"6":[0,0],"7":[0,0],"8":[0,0],"9":[0,0],"10":[0,0]},"meta":{"lastBranch":11,"lastFunction":3,"lastStatement":20,"seen":{"f:16:16:16:23":0,"b:17:2:17:Infinity:undefined:undefined:undefined:undefined":0,"s:17:2:17:Infinity":0,"b:17:6:17:13:17:17:17:24":1,"s:17:26:17:Infinity":1,"b:20:2:22:Infinity:undefined:undefined:undefined:undefined":2,"s:20:2:22:Infinity":2,"s:21:4:21:Infinity":3,"b:25:2:27:Infinity:undefined:undefined:undefined:undefined":3,"s:25:2:27:Infinity":4,"s:26:4:26:Infinity":5,"s:29:2:29:Infinity":6,"f:40:16:40:29":1,"b:41:2:41:Infinity:undefined:undefined:undefined:undefined":4,"s:41:2:41:Infinity":7,"b:41:6:41:13:41:17:41:29:41:33:41:40":5,"s:41:42:41:Infinity":8,"b:44:2:46:Infinity:undefined:undefined:undefined:undefined":6,"s:44:2:46:Infinity":9,"b:44:6:44:34:44:38:44:73":7,"s:45:4:45:Infinity":10,"s:49:26:49:76":11,"b:52:2:54:Infinity:undefined:undefined:undefined:undefined":8,"s:52:2:54:Infinity":12,"s:53:4:53:Infinity":13,"b:57:2:59:Infinity:undefined:undefined:undefined:undefined":9,"s:57:2:59:Infinity":14,"s:58:4:58:Infinity":15,"b:61:2:63:Infinity:undefined:undefined:undefined:undefined":10,"s:61:2:63:Infinity":16,"s:62:4:62:Infinity":17,"s:66:2:66:Infinity":18,"f:75:16:75:34":2,"s:76:2:76:Infinity":19}}}
,"/home/jailuser/git/src/utils/registerCommands.js": {"path":"/home/jailuser/git/src/utils/registerCommands.js","statementMap":{"0":{"start":{"line":20,"column":2},"end":{"line":22,"column":null}},"1":{"start":{"line":21,"column":4},"end":{"line":21,"column":null}},"2":{"start":{"line":24,"column":2},"end":{"line":26,"column":null}},"3":{"start":{"line":25,"column":4},"end":{"line":25,"column":null}},"4":{"start":{"line":29,"column":22},"end":{"line":34,"column":4}},"5":{"start":{"line":30,"column":4},"end":{"line":32,"column":null}},"6":{"start":{"line":31,"column":6},"end":{"line":31,"column":null}},"7":{"start":{"line":33,"column":4},"end":{"line":33,"column":null}},"8":{"start":{"line":36,"column":15},"end":{"line":36,"column":58}},"9":{"start":{"line":38,"column":2},"end":{"line":56,"column":null}},"10":{"start":{"line":39,"column":3},"end":{"line":39,"column":null}},"11":{"start":{"line":42,"column":4},"end":{"line":50,"column":null}},"12":{"start":{"line":44,"column":6},"end":{"line":46,"column":null}},"13":{"start":{"line":49,"column":6},"end":{"line":49,"column":null}},"14":{"start":{"line":52,"column":3},"end":{"line":52,"column":null}},"15":{"start":{"line":54,"column":3},"end":{"line":54,"column":null}},"16":{"start":{"line":55,"column":4},"end":{"line":55,"column":null}}},"fnMap":{"0":{"name":"registerCommands","decl":{"start":{"line":19,"column":22},"end":{"line":19,"column":38}},"loc":{"start":{"line":19,"column":82},"end":{"line":57,"column":null}},"line":19},"1":{"name":"(anonymous_1)","decl":{"start":{"line":29,"column":35},"end":{"line":29,"column":36}},"loc":{"start":{"line":29,"column":44},"end":{"line":34,"column":3}},"line":29}},"branchMap":{"0":{"loc":{"start":{"line":19,"column":66},"end":{"line":19,"column":80}},"type":"default-arg","locations":[{"start":{"line":19,"column":76},"end":{"line":19,"column":80}}],"line":19},"1":{"loc":{"start":{"line":20,"column":2},"end":{"line":22,"column":null}},"type":"if","locations":[{"start":{"line":20,"column":2},"end":{"line":22,"column":null}},{"start":{},"end":{}}],"line":20},"2":{"loc":{"start":{"line":20,"column":6},"end":{"line":20,"column":43}},"type":"binary-expr","locations":[{"start":{"line":20,"column":6},"end":{"line":20,"column":15}},{"start":{"line":20,"column":19},"end":{"line":20,"column":43}}],"line":20},"3":{"loc":{"start":{"line":24,"column":2},"end":{"line":26,"column":null}},"type":"if","locations":[{"start":{"line":24,"column":2},"end":{"line":26,"column":null}},{"start":{},"end":{}}],"line":24},"4":{"loc":{"start":{"line":24,"column":6},"end":{"line":24,"column":25}},"type":"binary-expr","locations":[{"start":{"line":24,"column":6},"end":{"line":24,"column":15}},{"start":{"line":24,"column":19},"end":{"line":24,"column":25}}],"line":24},"5":{"loc":{"start":{"line":30,"column":4},"end":{"line":32,"column":null}},"type":"if","locations":[{"start":{"line":30,"column":4},"end":{"line":32,"column":null}},{"start":{},"end":{}}],"line":30},"6":{"loc":{"start":{"line":30,"column":8},"end":{"line":30,"column":58}},"type":"binary-expr","locations":[{"start":{"line":30,"column":8},"end":{"line":30,"column":17}},{"start":{"line":30,"column":21},"end":{"line":30,"column":58}}],"line":30},"7":{"loc":{"start":{"line":42,"column":4},"end":{"line":50,"column":null}},"type":"if","locations":[{"start":{"line":42,"column":4},"end":{"line":50,"column":null}},{"start":{"line":47,"column":11},"end":{"line":50,"column":null}}],"line":42},"8":{"loc":{"start":{"line":52,"column":77},"end":{"line":52,"column":105}},"type":"cond-expr","locations":[{"start":{"line":52,"column":87},"end":{"line":52,"column":94}},{"start":{"line":52,"column":97},"end":{"line":52,"column":105}}],"line":52}},"s":{"0":0,"1":0,"2":0,"3":0,"4":0,"5":0,"6":0,"7":0,"8":0,"9":0,"10":0,"11":0,"12":0,"13":0,"14":0,"15":0,"16":0},"f":{"0":0,"1":0},"b":{"0":[0],"1":[0,0],"2":[0,0],"3":[0,0],"4":[0,0],"5":[0,0],"6":[0,0],"7":[0,0],"8":[0,0]},"meta":{"lastBranch":9,"lastFunction":2,"lastStatement":17,"seen":{"f:19:22:19:38":0,"b:19:76:19:80":0,"b:20:2:22:Infinity:undefined:undefined:undefined:undefined":1,"s:20:2:22:Infinity":0,"b:20:6:20:15:20:19:20:43":2,"s:21:4:21:Infinity":1,"b:24:2:26:Infinity:undefined:undefined:undefined:undefined":3,"s:24:2:26:Infinity":2,"b:24:6:24:15:24:19:24:25":4,"s:25:4:25:Infinity":3,"s:29:22:34:4":4,"f:29:35:29:36":1,"b:30:4:32:Infinity:undefined:undefined:undefined:undefined":5,"s:30:4:32:Infinity":5,"b:30:8:30:17:30:21:30:58":6,"s:31:6:31:Infinity":6,"s:33:4:33:Infinity":7,"s:36:15:36:58":8,"s:38:2:56:Infinity":9,"s:39:3:39:Infinity":10,"b:42:4:50:Infinity:47:11:50:Infinity":7,"s:42:4:50:Infinity":11,"s:44:6:46:Infinity":12,"s:49:6:49:Infinity":13,"s:52:3:52:Infinity":14,"b:52:87:52:94:52:97:52:105":8,"s:54:3:54:Infinity":15,"s:55:4:55:Infinity":16}}}
,"/home/jailuser/git/src/utils/retry.js": {"path":"/home/jailuser/git/src/utils/retry.js","statementMap":{"0":{"start":{"line":17,"column":2},"end":{"line":17,"column":null}},"1":{"start":{"line":17,"column":34},"end":{"line":17,"column":57}},"2":{"start":{"line":29,"column":16},"end":{"line":29,"column":40}},"3":{"start":{"line":32,"column":2},"end":{"line":32,"column":null}},"4":{"start":{"line":55,"column":6},"end":{"line":55,"column":13}},"5":{"start":{"line":59,"column":2},"end":{"line":114,"column":null}},"6":{"start":{"line":59,"column":21},"end":{"line":59,"column":22}},"7":{"start":{"line":60,"column":4},"end":{"line":113,"column":null}},"8":{"start":{"line":62,"column":6},"end":{"line":62,"column":null}},"9":{"start":{"line":64,"column":6},"end":{"line":64,"column":null}},"10":{"start":{"line":67,"column":23},"end":{"line":67,"column":51}},"11":{"start":{"line":68,"column":23},"end":{"line":68,"column":48}},"12":{"start":{"line":71,"column":6},"end":{"line":78,"column":null}},"13":{"start":{"line":72,"column":7},"end":{"line":77,"column":null}},"14":{"start":{"line":81,"column":6},"end":{"line":98,"column":null}},"15":{"start":{"line":82,"column":8},"end":{"line":96,"column":null}},"16":{"start":{"line":83,"column":9},"end":{"line":88,"column":null}},"17":{"start":{"line":90,"column":9},"end":{"line":95,"column":null}},"18":{"start":{"line":97,"column":8},"end":{"line":97,"column":null}},"19":{"start":{"line":101,"column":20},"end":{"line":101,"column":66}},"20":{"start":{"line":103,"column":5},"end":{"line":109,"column":null}},"21":{"start":{"line":112,"column":6},"end":{"line":112,"column":null}},"22":{"start":{"line":117,"column":2},"end":{"line":117,"column":null}},"23":{"start":{"line":127,"column":2},"end":{"line":129,"column":null}},"24":{"start":{"line":128,"column":4},"end":{"line":128,"column":null}}},"fnMap":{"0":{"name":"sleep","decl":{"start":{"line":16,"column":9},"end":{"line":16,"column":14}},"loc":{"start":{"line":16,"column":19},"end":{"line":18,"column":null}},"line":16},"1":{"name":"(anonymous_1)","decl":{"start":{"line":17,"column":21},"end":{"line":17,"column":22}},"loc":{"start":{"line":17,"column":34},"end":{"line":17,"column":57}},"line":17},"2":{"name":"calculateBackoff","decl":{"start":{"line":27,"column":9},"end":{"line":27,"column":25}},"loc":{"start":{"line":27,"column":56},"end":{"line":33,"column":null}},"line":27},"3":{"name":"withRetry","decl":{"start":{"line":48,"column":22},"end":{"line":48,"column":31}},"loc":{"start":{"line":48,"column":50},"end":{"line":118,"column":null}},"line":48},"4":{"name":"createRetryWrapper","decl":{"start":{"line":126,"column":16},"end":{"line":126,"column":34}},"loc":{"start":{"line":126,"column":56},"end":{"line":130,"column":null}},"line":126},"5":{"name":"(anonymous_5)","decl":{"start":{"line":127,"column":9},"end":{"line":127,"column":10}},"loc":{"start":{"line":127,"column":31},"end":{"line":129,"column":3}},"line":127}},"branchMap":{"0":{"loc":{"start":{"line":48,"column":36},"end":{"line":48,"column":48}},"type":"default-arg","locations":[{"start":{"line":48,"column":46},"end":{"line":48,"column":48}}],"line":48},"1":{"loc":{"start":{"line":50,"column":4},"end":{"line":50,"column":18}},"type":"default-arg","locations":[{"start":{"line":50,"column":17},"end":{"line":50,"column":18}}],"line":50},"2":{"loc":{"start":{"line":51,"column":4},"end":{"line":51,"column":20}},"type":"default-arg","locations":[{"start":{"line":51,"column":16},"end":{"line":51,"column":20}}],"line":51},"3":{"loc":{"start":{"line":52,"column":4},"end":{"line":52,"column":20}},"type":"default-arg","locations":[{"start":{"line":52,"column":15},"end":{"line":52,"column":20}}],"line":52},"4":{"loc":{"start":{"line":53,"column":4},"end":{"line":53,"column":29}},"type":"default-arg","locations":[{"start":{"line":53,"column":18},"end":{"line":53,"column":29}}],"line":53},"5":{"loc":{"start":{"line":54,"column":4},"end":{"line":54,"column":16}},"type":"default-arg","locations":[{"start":{"line":54,"column":14},"end":{"line":54,"column":16}}],"line":54},"6":{"loc":{"start":{"line":71,"column":6},"end":{"line":78,"column":null}},"type":"if","locations":[{"start":{"line":71,"column":6},"end":{"line":78,"column":null}},{"start":{},"end":{}}],"line":71},"7":{"loc":{"start":{"line":81,"column":6},"end":{"line":98,"column":null}},"type":"if","locations":[{"start":{"line":81,"column":6},"end":{"line":98,"column":null}},{"start":{},"end":{}}],"line":81},"8":{"loc":{"start":{"line":81,"column":10},"end":{"line":81,"column":44}},"type":"binary-expr","locations":[{"start":{"line":81,"column":10},"end":{"line":81,"column":31}},{"start":{"line":81,"column":35},"end":{"line":81,"column":44}}],"line":81},"9":{"loc":{"start":{"line":82,"column":8},"end":{"line":96,"column":null}},"type":"if","locations":[{"start":{"line":82,"column":8},"end":{"line":96,"column":null}},{"start":{"line":89,"column":15},"end":{"line":96,"column":null}}],"line":82},"10":{"loc":{"start":{"line":126,"column":35},"end":{"line":126,"column":54}},"type":"default-arg","locations":[{"start":{"line":126,"column":52},"end":{"line":126,"column":54}}],"line":126},"11":{"loc":{"start":{"line":127,"column":14},"end":{"line":127,"column":26}},"type":"default-arg","locations":[{"start":{"line":127,"column":24},"end":{"line":127,"column":26}}],"line":127}},"s":{"0":0,"1":0,"2":0,"3":0,"4":0,"5":0,"6":0,"7":0,"8":0,"9":0,"10":0,"11":0,"12":0,"13":0,"14":0,"15":0,"16":0,"17":0,"18":0,"19":0,"20":0,"21":0,"22":0,"23":0,"24":0},"f":{"0":0,"1":0,"2":0,"3":0,"4":0,"5":0},"b":{"0":[0],"1":[0],"2":[0],"3":[0],"4":[0],"5":[0],"6":[0,0],"7":[0,0],"8":[0,0],"9":[0,0],"10":[0],"11":[0]},"meta":{"lastBranch":12,"lastFunction":6,"lastStatement":25,"seen":{"f:16:9:16:14":0,"s:17:2:17:Infinity":0,"f:17:21:17:22":1,"s:17:34:17:57":1,"f:27:9:27:25":2,"s:29:16:29:40":2,"s:32:2:32:Infinity":3,"f:48:22:48:31":3,"b:48:46:48:48":0,"s:55:6:55:13":4,"b:50:17:50:18":1,"b:51:16:51:20":2,"b:52:15:52:20":3,"b:53:18:53:29":4,"b:54:14:54:16":5,"s:59:2:114:Infinity":5,"s:59:21:59:22":6,"s:60:4:113:Infinity":7,"s:62:6:62:Infinity":8,"s:64:6:64:Infinity":9,"s:67:23:67:51":10,"s:68:23:68:48":11,"b:71:6:78:Infinity:undefined:undefined:undefined:undefined":6,"s:71:6:78:Infinity":12,"s:72:7:77:Infinity":13,"b:81:6:98:Infinity:undefined:undefined:undefined:undefined":7,"s:81:6:98:Infinity":14,"b:81:10:81:31:81:35:81:44":8,"b:82:8:96:Infinity:89:15:96:Infinity":9,"s:82:8:96:Infinity":15,"s:83:9:88:Infinity":16,"s:90:9:95:Infinity":17,"s:97:8:97:Infinity":18,"s:101:20:101:66":19,"s:103:5:109:Infinity":20,"s:112:6:112:Infinity":21,"s:117:2:117:Infinity":22,"f:126:16:126:34":4,"b:126:52:126:54":10,"s:127:2:129:Infinity":23,"f:127:9:127:10":5,"b:127:24:127:26":11,"s:128:4:128:Infinity":24}}}
,"/home/jailuser/git/src/utils/splitMessage.js": {"path":"/home/jailuser/git/src/utils/splitMessage.js","statementMap":{"0":{"start":{"line":9,"column":27},"end":{"line":9,"column":31}},"1":{"start":{"line":14,"column":24},"end":{"line":14,"column":28}},"2":{"start":{"line":25,"column":2},"end":{"line":27,"column":null}},"3":{"start":{"line":26,"column":4},"end":{"line":26,"column":null}},"4":{"start":{"line":29,"column":17},"end":{"line":29,"column":19}},"5":{"start":{"line":30,"column":18},"end":{"line":30,"column":22}},"6":{"start":{"line":32,"column":2},"end":{"line":48,"column":null}},"7":{"start":{"line":33,"column":4},"end":{"line":36,"column":null}},"8":{"start":{"line":34,"column":6},"end":{"line":34,"column":null}},"9":{"start":{"line":35,"column":6},"end":{"line":35,"column":null}},"10":{"start":{"line":39,"column":18},"end":{"line":39,"column":55}},"11":{"start":{"line":42,"column":4},"end":{"line":44,"column":null}},"12":{"start":{"line":43,"column":6},"end":{"line":43,"column":null}},"13":{"start":{"line":46,"column":4},"end":{"line":46,"column":null}},"14":{"start":{"line":47,"column":4},"end":{"line":47,"column":null}},"15":{"start":{"line":50,"column":2},"end":{"line":50,"column":null}},"16":{"start":{"line":60,"column":2},"end":{"line":60,"column":null}}},"fnMap":{"0":{"name":"splitMessage","decl":{"start":{"line":24,"column":16},"end":{"line":24,"column":28}},"loc":{"start":{"line":24,"column":64},"end":{"line":51,"column":null}},"line":24},"1":{"name":"needsSplitting","decl":{"start":{"line":59,"column":16},"end":{"line":59,"column":30}},"loc":{"start":{"line":59,"column":37},"end":{"line":61,"column":null}},"line":59}},"branchMap":{"0":{"loc":{"start":{"line":24,"column":35},"end":{"line":24,"column":62}},"type":"default-arg","locations":[{"start":{"line":24,"column":47},"end":{"line":24,"column":62}}],"line":24},"1":{"loc":{"start":{"line":25,"column":2},"end":{"line":27,"column":null}},"type":"if","locations":[{"start":{"line":25,"column":2},"end":{"line":27,"column":null}},{"start":{},"end":{}}],"line":25},"2":{"loc":{"start":{"line":25,"column":6},"end":{"line":25,"column":39}},"type":"binary-expr","locations":[{"start":{"line":25,"column":6},"end":{"line":25,"column":11}},{"start":{"line":25,"column":15},"end":{"line":25,"column":39}}],"line":25},"3":{"loc":{"start":{"line":26,"column":11},"end":{"line":26,"column":29}},"type":"cond-expr","locations":[{"start":{"line":26,"column":18},"end":{"line":26,"column":24}},{"start":{"line":26,"column":27},"end":{"line":26,"column":29}}],"line":26},"4":{"loc":{"start":{"line":33,"column":4},"end":{"line":36,"column":null}},"type":"if","locations":[{"start":{"line":33,"column":4},"end":{"line":36,"column":null}},{"start":{},"end":{}}],"line":33},"5":{"loc":{"start":{"line":42,"column":4},"end":{"line":44,"column":null}},"type":"if","locations":[{"start":{"line":42,"column":4},"end":{"line":44,"column":null}},{"start":{},"end":{}}],"line":42},"6":{"loc":{"start":{"line":60,"column":9},"end":{"line":60,"column":49}},"type":"binary-expr","locations":[{"start":{"line":60,"column":9},"end":{"line":60,"column":13}},{"start":{"line":60,"column":17},"end":{"line":60,"column":49}}],"line":60}},"s":{"0":0,"1":0,"2":0,"3":0,"4":0,"5":0,"6":0,"7":0,"8":0,"9":0,"10":0,"11":0,"12":0,"13":0,"14":0,"15":0,"16":0},"f":{"0":0,"1":0},"b":{"0":[0],"1":[0,0],"2":[0,0],"3":[0,0],"4":[0,0],"5":[0,0],"6":[0,0]},"meta":{"lastBranch":7,"lastFunction":2,"lastStatement":17,"seen":{"s:9:27:9:31":0,"s:14:24:14:28":1,"f:24:16:24:28":0,"b:24:47:24:62":0,"b:25:2:27:Infinity:undefined:undefined:undefined:undefined":1,"s:25:2:27:Infinity":2,"b:25:6:25:11:25:15:25:39":2,"s:26:4:26:Infinity":3,"b:26:18:26:24:26:27:26:29":3,"s:29:17:29:19":4,"s:30:18:30:22":5,"s:32:2:48:Infinity":6,"b:33:4:36:Infinity:undefined:undefined:undefined:undefined":4,"s:33:4:36:Infinity":7,"s:34:6:34:Infinity":8,"s:35:6:35:Infinity":9,"s:39:18:39:55":10,"b:42:4:44:Infinity:undefined:undefined:undefined:undefined":5,"s:42:4:44:Infinity":11,"s:43:6:43:Infinity":12,"s:46:4:46:Infinity":13,"s:47:4:47:Infinity":14,"s:50:2:50:Infinity":15,"f:59:16:59:30":1,"s:60:2:60:Infinity":16,"b:60:9:60:13:60:17:60:49":6}}}
}